7/14/2025, 7:48:22 PM GMT-4 0: 

----------------------------------------------
7/14/2025, 7:48:22 PM GMT-4 1: Discord starting: {"releaseChannel":"stable","version":"0.0.102"}, modulepath: /home/ec/.config/discord/0.0.102/modules
7/14/2025, 7:48:22 PM GMT-4 2: ✅ webContents.created web1 ""
7/14/2025, 7:48:22 PM GMT-4 3: ✅ window.created win1 "discord"
7/14/2025, 7:48:23 PM GMT-4 4: ✅ webContents.did-finish-load web1
7/14/2025, 7:48:33 PM GMT-4 5: ✅ webContents.created web2 ""
7/14/2025, 7:48:33 PM GMT-4 6: ✅ window.created win2 "Discord"
7/14/2025, 7:48:34 PM GMT-4 7: ✅ webContents.did-finish-load web2
7/14/2025, 7:48:34 PM GMT-4 8: window.close win1
7/14/2025, 7:48:34 PM GMT-4 9: webContents.destroyed web1
7/14/2025, 7:48:34 PM GMT-4 10: window.closed win1
7/14/2025, 7:49:37 PM GMT-4 11: window.close win2
7/14/2025, 7:50:42 PM GMT-4 12: window.close win2
7/14/2025, 7:50:45 PM GMT-4 13: before-quit
7/14/2025, 7:50:45 PM GMT-4 14: window.close win2
7/14/2025, 7:50:45 PM GMT-4 15: webContents.destroyed web2
7/14/2025, 9:57:36 PM GMT-4 0: 

----------------------------------------------
7/14/2025, 9:57:36 PM GMT-4 1: Discord starting: {"releaseChannel":"stable","version":"0.0.102"}, modulepath: /home/ec/.config/discord/0.0.102/modules
7/14/2025, 9:57:36 PM GMT-4 2: ✅ webContents.created web1 ""
7/14/2025, 9:57:36 PM GMT-4 3: ✅ window.created win1 "discord"
7/14/2025, 9:57:36 PM GMT-4 4: ✅ webContents.did-finish-load web1
7/14/2025, 9:57:36 PM GMT-4 5: ✅ webContents.created web2 ""
7/14/2025, 9:57:36 PM GMT-4 6: ✅ window.created win2 "Discord"
7/14/2025, 9:57:37 PM GMT-4 7: ✅ webContents.did-finish-load web2
7/14/2025, 9:57:37 PM GMT-4 8: window.close win1
7/14/2025, 9:57:37 PM GMT-4 9: webContents.destroyed web1
7/14/2025, 9:57:37 PM GMT-4 10: window.closed win1
7/14/2025, 10:21:36 PM GMT-4 11: window.close win2
7/14/2025, 10:31:56 PM GMT-4 12: window.close win2
7/14/2025, 10:45:20 PM GMT-4 13: window.close win2
7/14/2025, 10:45:22 PM GMT-4 14: before-quit
7/14/2025, 10:45:22 PM GMT-4 15: window.close win2
7/14/2025, 10:45:22 PM GMT-4 16: webContents.destroyed web2
7/15/2025, 12:07:45 AM GMT-4 0: 

----------------------------------------------
7/15/2025, 12:07:45 AM GMT-4 1: Discord starting: {"releaseChannel":"stable","version":"0.0.102"}, modulepath: /home/ec/.config/discord/0.0.102/modules
7/15/2025, 12:07:45 AM GMT-4 2: ✅ webContents.created web1 ""
7/15/2025, 12:07:45 AM GMT-4 3: ✅ window.created win1 "discord"
7/15/2025, 12:07:45 AM GMT-4 4: ✅ webContents.did-finish-load web1
7/15/2025, 12:07:45 AM GMT-4 5: window.close win1
7/15/2025, 12:07:45 AM GMT-4 6: webContents.destroyed web1
7/15/2025, 12:07:51 AM GMT-4 0: 

----------------------------------------------
7/15/2025, 12:07:51 AM GMT-4 1: Discord starting: {"releaseChannel":"stable","version":"0.0.102"}, modulepath: /home/ec/.config/discord/0.0.102/modules
7/15/2025, 12:07:51 AM GMT-4 2: ✅ webContents.created web1 ""
7/15/2025, 12:07:51 AM GMT-4 3: ✅ window.created win1 "discord"
7/15/2025, 12:07:51 AM GMT-4 4: ✅ webContents.did-finish-load web1
7/15/2025, 12:07:52 AM GMT-4 5: ✅ webContents.created web2 ""
7/15/2025, 12:07:52 AM GMT-4 6: ✅ window.created win2 "Discord"
7/15/2025, 12:07:52 AM GMT-4 7: ✅ webContents.did-finish-load web2
7/15/2025, 12:07:53 AM GMT-4 8: window.close win1
7/15/2025, 12:07:53 AM GMT-4 9: webContents.destroyed web1
7/15/2025, 12:07:53 AM GMT-4 10: window.closed win1
7/15/2025, 12:43:19 AM GMT-4 11: window.close win2
7/15/2025, 1:21:57 AM GMT-4 12: window.close win2
7/15/2025, 1:25:18 AM GMT-4 13: window.close win2
7/15/2025, 1:25:22 AM GMT-4 14: before-quit
7/15/2025, 1:25:22 AM GMT-4 15: window.close win2
7/15/2025, 1:25:22 AM GMT-4 16: webContents.destroyed web2
7/15/2025, 1:25:22 AM GMT-4 17: window.closed win2
7/15/2025, 12:37:37 PM GMT-4 0: 

----------------------------------------------
7/15/2025, 12:37:37 PM GMT-4 1: Discord starting: {"releaseChannel":"stable","version":"0.0.102"}, modulepath: /home/ec/.config/discord/0.0.102/modules
7/15/2025, 12:37:37 PM GMT-4 2: ✅ webContents.created web1 ""
7/15/2025, 12:37:37 PM GMT-4 3: ✅ window.created win1 "discord"
7/15/2025, 12:37:37 PM GMT-4 4: ✅ webContents.did-finish-load web1
7/15/2025, 12:37:38 PM GMT-4 5: ✅ webContents.created web2 ""
7/15/2025, 12:37:38 PM GMT-4 6: ✅ window.created win2 "Discord"
7/15/2025, 12:37:38 PM GMT-4 7: ✅ webContents.did-finish-load web2
7/15/2025, 12:37:39 PM GMT-4 8: window.close win1
7/15/2025, 12:37:39 PM GMT-4 9: webContents.destroyed web1
7/15/2025, 12:37:39 PM GMT-4 10: window.closed win1
7/15/2025, 12:50:59 PM GMT-4 11: window.close win2
7/15/2025, 1:17:03 PM GMT-4 12: window.close win2
7/15/2025, 1:17:09 PM GMT-4 13: before-quit
7/15/2025, 1:17:09 PM GMT-4 14: window.close win2
7/15/2025, 1:17:09 PM GMT-4 15: webContents.destroyed web2
7/15/2025, 1:17:09 PM GMT-4 16: window.closed win2
7/15/2025, 4:01:31 PM GMT-4 0: 

----------------------------------------------
7/15/2025, 4:01:31 PM GMT-4 1: Discord starting: {"releaseChannel":"stable","version":"0.0.102"}, modulepath: /home/ec/.config/discord/0.0.102/modules
7/15/2025, 4:01:31 PM GMT-4 2: ✅ webContents.created web1 ""
7/15/2025, 4:01:31 PM GMT-4 3: ✅ window.created win1 "discord"
7/15/2025, 4:01:31 PM GMT-4 4: ✅ webContents.did-finish-load web1
7/15/2025, 4:01:31 PM GMT-4 5: ✅ webContents.created web2 ""
7/15/2025, 4:01:31 PM GMT-4 6: ✅ window.created win2 "Discord"
7/15/2025, 4:01:32 PM GMT-4 7: ✅ webContents.did-finish-load web2
7/15/2025, 4:01:33 PM GMT-4 8: window.close win1
7/15/2025, 4:01:33 PM GMT-4 9: webContents.destroyed web1
7/15/2025, 4:01:33 PM GMT-4 10: window.closed win1
7/15/2025, 4:08:39 PM GMT-4 11: window.close win2
7/15/2025, 7:36:47 PM GMT-4 12: window.close win2
7/15/2025, 7:36:49 PM GMT-4 13: before-quit
7/15/2025, 7:36:49 PM GMT-4 14: window.close win2
7/15/2025, 7:36:49 PM GMT-4 15: webContents.destroyed web2
7/15/2025, 7:36:49 PM GMT-4 16: window.closed win2
7/15/2025, 9:19:22 PM GMT-4 0: 

----------------------------------------------
7/15/2025, 9:19:22 PM GMT-4 1: Discord starting: {"releaseChannel":"stable","version":"0.0.102"}, modulepath: /home/ec/.config/discord/0.0.102/modules
7/15/2025, 9:19:22 PM GMT-4 2: ✅ webContents.created web1 ""
7/15/2025, 9:19:22 PM GMT-4 3: ✅ window.created win1 "discord"
7/15/2025, 9:19:22 PM GMT-4 4: ✅ webContents.did-finish-load web1
7/15/2025, 9:19:22 PM GMT-4 5: ✅ webContents.created web2 ""
7/15/2025, 9:19:22 PM GMT-4 6: ✅ window.created win2 "Discord"
7/15/2025, 9:19:23 PM GMT-4 7: ✅ webContents.did-finish-load web2
7/15/2025, 9:19:24 PM GMT-4 8: window.close win1
7/15/2025, 9:19:24 PM GMT-4 9: webContents.destroyed web1
7/15/2025, 9:19:24 PM GMT-4 10: window.closed win1
7/15/2025, 9:23:13 PM GMT-4 11: window.close win2
7/15/2025, 9:23:15 PM GMT-4 12: before-quit
7/15/2025, 9:23:15 PM GMT-4 13: window.close win2
7/15/2025, 9:23:15 PM GMT-4 14: webContents.destroyed web2
7/15/2025, 9:23:15 PM GMT-4 15: window.closed win2
7/15/2025, 9:42:20 PM GMT-4 0: 

----------------------------------------------
7/15/2025, 9:42:20 PM GMT-4 1: Discord starting: {"releaseChannel":"stable","version":"0.0.102"}, modulepath: /home/ec/.config/discord/0.0.102/modules
7/15/2025, 9:42:20 PM GMT-4 2: ✅ webContents.created web1 ""
7/15/2025, 9:42:20 PM GMT-4 3: ✅ window.created win1 "discord"
7/15/2025, 9:42:20 PM GMT-4 4: ✅ webContents.did-finish-load web1
7/15/2025, 9:42:20 PM GMT-4 5: ✅ webContents.created web2 ""
7/15/2025, 9:42:20 PM GMT-4 6: ✅ window.created win2 "Discord"
7/15/2025, 9:42:21 PM GMT-4 7: ✅ webContents.did-finish-load web2
7/15/2025, 9:42:21 PM GMT-4 8: window.close win1
7/15/2025, 9:42:21 PM GMT-4 9: webContents.destroyed web1
7/15/2025, 9:42:21 PM GMT-4 10: window.closed win1
7/15/2025, 9:43:11 PM GMT-4 11: window.close win2
7/15/2025, 10:00:38 PM GMT-4 12: window.close win2
7/15/2025, 10:00:40 PM GMT-4 13: before-quit
7/15/2025, 10:00:40 PM GMT-4 14: window.close win2
7/15/2025, 10:00:40 PM GMT-4 15: webContents.destroyed web2
7/15/2025, 10:00:40 PM GMT-4 16: window.closed win2
7/15/2025, 11:52:21 PM GMT-4 0: 

----------------------------------------------
7/15/2025, 11:52:21 PM GMT-4 1: Discord starting: {"releaseChannel":"stable","version":"0.0.102"}, modulepath: /home/ec/.config/discord/0.0.102/modules
7/15/2025, 11:52:21 PM GMT-4 2: ✅ webContents.created web1 ""
7/15/2025, 11:52:21 PM GMT-4 3: ✅ window.created win1 "discord"
7/15/2025, 11:52:21 PM GMT-4 4: ✅ webContents.did-finish-load web1
7/15/2025, 11:52:21 PM GMT-4 5: ✅ webContents.created web2 ""
7/15/2025, 11:52:21 PM GMT-4 6: ✅ window.created win2 "Discord"
7/15/2025, 11:52:22 PM GMT-4 7: ✅ webContents.did-finish-load web2
7/15/2025, 11:52:22 PM GMT-4 8: window.close win1
7/15/2025, 11:52:22 PM GMT-4 9: webContents.destroyed web1
7/15/2025, 11:52:22 PM GMT-4 10: window.closed win1
7/15/2025, 11:55:50 PM GMT-4 11: window.close win2
7/15/2025, 11:56:50 PM GMT-4 12: window.close win2
7/15/2025, 11:56:56 PM GMT-4 13: before-quit
7/15/2025, 11:56:56 PM GMT-4 14: window.close win2
7/15/2025, 11:56:56 PM GMT-4 15: webContents.destroyed web2
7/16/2025, 12:05:17 AM GMT-4 0: 

----------------------------------------------
7/16/2025, 12:05:17 AM GMT-4 1: Discord starting: {"releaseChannel":"stable","version":"0.0.102"}, modulepath: /home/ec/.config/discord/0.0.102/modules
7/16/2025, 12:05:17 AM GMT-4 2: ✅ webContents.created web1 ""
7/16/2025, 12:05:17 AM GMT-4 3: ✅ window.created win1 "discord"
7/16/2025, 12:05:17 AM GMT-4 4: ✅ webContents.did-finish-load web1
7/16/2025, 12:05:17 AM GMT-4 5: ✅ webContents.created web2 ""
7/16/2025, 12:05:17 AM GMT-4 6: ✅ window.created win2 "Discord"
7/16/2025, 12:05:18 AM GMT-4 7: ✅ webContents.did-finish-load web2
7/16/2025, 12:05:18 AM GMT-4 8: window.close win1
7/16/2025, 12:05:18 AM GMT-4 9: webContents.destroyed web1
7/16/2025, 12:05:18 AM GMT-4 10: window.closed win1
7/16/2025, 12:05:44 AM GMT-4 11: window.close win2
7/16/2025, 12:05:45 AM GMT-4 12: before-quit
7/16/2025, 12:05:45 AM GMT-4 13: window.close win2
7/16/2025, 12:05:45 AM GMT-4 14: webContents.destroyed web2
7/16/2025, 12:05:45 AM GMT-4 15: window.closed win2
7/16/2025, 12:31:02 AM GMT-4 0: 

----------------------------------------------
7/16/2025, 12:31:02 AM GMT-4 1: Discord starting: {"releaseChannel":"stable","version":"0.0.102"}, modulepath: /home/ec/.config/discord/0.0.102/modules
7/16/2025, 12:31:02 AM GMT-4 2: ✅ webContents.created web1 ""
7/16/2025, 12:31:02 AM GMT-4 3: ✅ window.created win1 "discord"
7/16/2025, 12:31:03 AM GMT-4 4: ✅ webContents.did-finish-load web1
7/16/2025, 12:31:03 AM GMT-4 5: ✅ webContents.created web2 ""
7/16/2025, 12:31:03 AM GMT-4 6: ✅ window.created win2 "Discord"
7/16/2025, 12:31:04 AM GMT-4 7: ✅ webContents.did-finish-load web2
7/16/2025, 12:31:04 AM GMT-4 8: window.close win1
7/16/2025, 12:31:04 AM GMT-4 9: webContents.destroyed web1
7/16/2025, 12:31:04 AM GMT-4 10: window.closed win1
7/16/2025, 12:31:20 AM GMT-4 11: window.close win2
7/16/2025, 12:31:23 AM GMT-4 12: before-quit
7/16/2025, 12:31:23 AM GMT-4 13: window.close win2
7/16/2025, 12:31:23 AM GMT-4 14: webContents.destroyed web2
7/16/2025, 12:31:23 AM GMT-4 15: window.closed win2
7/16/2025, 11:17:15 AM GMT-4 0: 

----------------------------------------------
7/16/2025, 11:17:15 AM GMT-4 1: Discord starting: {"releaseChannel":"stable","version":"0.0.102"}, modulepath: /home/ec/.config/discord/0.0.102/modules
7/16/2025, 11:17:15 AM GMT-4 2: ✅ webContents.created web1 ""
7/16/2025, 11:17:15 AM GMT-4 3: ✅ window.created win1 "discord"
7/16/2025, 11:17:15 AM GMT-4 4: ✅ webContents.did-finish-load web1
7/16/2025, 11:17:16 AM GMT-4 5: ✅ webContents.created web2 ""
7/16/2025, 11:17:16 AM GMT-4 6: ✅ window.created win2 "Discord"
7/16/2025, 11:17:16 AM GMT-4 7: ✅ webContents.did-finish-load web2
7/16/2025, 11:17:17 AM GMT-4 8: window.close win1
7/16/2025, 11:17:17 AM GMT-4 9: webContents.destroyed web1
7/16/2025, 11:17:17 AM GMT-4 10: window.closed win1
7/16/2025, 11:33:45 AM GMT-4 11: window.close win2
7/16/2025, 11:33:51 AM GMT-4 12: before-quit
7/16/2025, 11:33:51 AM GMT-4 13: window.close win2
7/16/2025, 11:33:51 AM GMT-4 14: webContents.destroyed web2
7/16/2025, 11:33:51 AM GMT-4 15: window.closed win2
7/16/2025, 12:22:48 PM GMT-4 0: 

----------------------------------------------
7/16/2025, 12:22:48 PM GMT-4 1: Discord starting: {"releaseChannel":"stable","version":"0.0.102"}, modulepath: /home/ec/.config/discord/0.0.102/modules
7/16/2025, 12:22:48 PM GMT-4 2: ✅ webContents.created web1 ""
7/16/2025, 12:22:48 PM GMT-4 3: ✅ window.created win1 "discord"
7/16/2025, 12:22:49 PM GMT-4 4: ✅ webContents.did-finish-load web1
7/16/2025, 12:22:49 PM GMT-4 5: ✅ webContents.created web2 ""
7/16/2025, 12:22:49 PM GMT-4 6: ✅ window.created win2 "Discord"
7/16/2025, 12:22:49 PM GMT-4 7: window.close win2
7/16/2025, 12:22:50 PM GMT-4 8: ✅ webContents.did-finish-load web2
7/16/2025, 12:22:50 PM GMT-4 9: window.close win1
7/16/2025, 12:22:50 PM GMT-4 10: webContents.destroyed web1
7/16/2025, 12:22:50 PM GMT-4 11: window.closed win1
7/16/2025, 12:26:11 PM GMT-4 12: window.close win2
7/16/2025, 1:37:31 PM GMT-4 13: window.close win2
7/16/2025, 1:37:35 PM GMT-4 14: before-quit
7/16/2025, 1:37:35 PM GMT-4 15: window.close win2
7/16/2025, 1:37:35 PM GMT-4 16: webContents.destroyed web2
7/16/2025, 6:29:05 PM GMT-4 0: 

----------------------------------------------
7/16/2025, 6:29:05 PM GMT-4 1: Discord starting: {"releaseChannel":"stable","version":"0.0.102"}, modulepath: /home/ec/.config/discord/0.0.102/modules
7/16/2025, 6:29:05 PM GMT-4 2: ✅ webContents.created web1 ""
7/16/2025, 6:29:05 PM GMT-4 3: ✅ window.created win1 "discord"
7/16/2025, 6:29:05 PM GMT-4 4: ✅ webContents.did-finish-load web1
7/16/2025, 6:29:06 PM GMT-4 5: ✅ webContents.created web2 ""
7/16/2025, 6:29:06 PM GMT-4 6: ✅ window.created win2 "Discord"
7/16/2025, 6:29:07 PM GMT-4 7: ✅ webContents.did-finish-load web2
7/16/2025, 6:29:07 PM GMT-4 8: window.close win1
7/16/2025, 6:29:07 PM GMT-4 9: webContents.destroyed web1
7/16/2025, 6:29:07 PM GMT-4 10: window.closed win1
7/16/2025, 6:29:11 PM GMT-4 11: window.close win2
7/16/2025, 6:29:13 PM GMT-4 12: before-quit
7/16/2025, 6:29:13 PM GMT-4 13: window.close win2
7/16/2025, 6:29:13 PM GMT-4 14: webContents.destroyed web2
7/16/2025, 8:53:02 PM GMT-4 0: 

----------------------------------------------
7/16/2025, 8:53:02 PM GMT-4 1: Discord starting: {"releaseChannel":"stable","version":"0.0.102"}, modulepath: /home/ec/.config/discord/0.0.102/modules
7/16/2025, 8:53:02 PM GMT-4 2: ✅ webContents.created web1 ""
7/16/2025, 8:53:02 PM GMT-4 3: ✅ window.created win1 "discord"
7/16/2025, 8:53:02 PM GMT-4 4: ✅ webContents.did-finish-load web1
7/16/2025, 8:53:03 PM GMT-4 5: ✅ webContents.created web2 ""
7/16/2025, 8:53:03 PM GMT-4 6: ✅ window.created win2 "Discord"
7/16/2025, 8:53:03 PM GMT-4 7: ✅ webContents.did-finish-load web2
7/16/2025, 8:53:04 PM GMT-4 8: window.close win1
7/16/2025, 8:53:04 PM GMT-4 9: webContents.destroyed web1
7/16/2025, 8:53:04 PM GMT-4 10: window.closed win1
7/16/2025, 8:53:11 PM GMT-4 11: window.close win2
7/16/2025, 8:53:13 PM GMT-4 12: before-quit
7/16/2025, 8:53:13 PM GMT-4 13: window.close win2
7/16/2025, 8:53:13 PM GMT-4 14: webContents.destroyed web2
7/16/2025, 8:53:13 PM GMT-4 15: window.closed win2
7/17/2025, 8:16:56 AM GMT-4 0: 

----------------------------------------------
7/17/2025, 8:16:56 AM GMT-4 1: Discord starting: {"releaseChannel":"stable","version":"0.0.102"}, modulepath: /home/ec/.config/discord/0.0.102/modules
7/17/2025, 8:16:56 AM GMT-4 2: ✅ webContents.created web1 ""
7/17/2025, 8:16:56 AM GMT-4 3: ✅ window.created win1 "discord"
7/17/2025, 8:16:56 AM GMT-4 4: ✅ webContents.did-finish-load web1
7/17/2025, 8:16:56 AM GMT-4 5: ✅ webContents.created web2 ""
7/17/2025, 8:16:56 AM GMT-4 6: ✅ window.created win2 "Discord"
7/17/2025, 8:16:57 AM GMT-4 7: ✅ webContents.did-finish-load web2
7/17/2025, 8:16:58 AM GMT-4 8: window.close win1
7/17/2025, 8:16:58 AM GMT-4 9: webContents.destroyed web1
7/17/2025, 8:16:58 AM GMT-4 10: window.closed win1
7/17/2025, 8:17:22 AM GMT-4 11: window.close win2
7/17/2025, 8:17:24 AM GMT-4 12: before-quit
7/17/2025, 8:17:24 AM GMT-4 13: window.close win2
7/17/2025, 8:17:24 AM GMT-4 14: webContents.destroyed web2
7/17/2025, 9:39:15 AM GMT-4 0: 

----------------------------------------------
7/17/2025, 9:39:15 AM GMT-4 1: Discord starting: {"releaseChannel":"stable","version":"0.0.102"}, modulepath: /home/ec/.config/discord/0.0.102/modules
7/17/2025, 9:39:15 AM GMT-4 2: ✅ webContents.created web1 ""
7/17/2025, 9:39:15 AM GMT-4 3: ✅ window.created win1 "discord"
7/17/2025, 9:39:15 AM GMT-4 4: ✅ webContents.did-finish-load web1
7/17/2025, 9:39:15 AM GMT-4 5: ✅ webContents.created web2 ""
7/17/2025, 9:39:15 AM GMT-4 6: ✅ window.created win2 "Discord"
7/17/2025, 9:39:16 AM GMT-4 7: ✅ webContents.did-finish-load web2
7/17/2025, 9:39:16 AM GMT-4 8: window.close win1
7/17/2025, 9:39:16 AM GMT-4 9: webContents.destroyed web1
7/17/2025, 9:39:16 AM GMT-4 10: window.closed win1
7/17/2025, 9:49:43 AM GMT-4 11: window.close win2
7/17/2025, 10:47:08 AM GMT-4 12: window.close win2
7/17/2025, 10:47:13 AM GMT-4 13: before-quit
7/17/2025, 10:47:13 AM GMT-4 14: window.close win2
7/17/2025, 10:47:13 AM GMT-4 15: webContents.destroyed web2
7/17/2025, 9:24:46 PM GMT-4 0: 

----------------------------------------------
7/17/2025, 9:24:46 PM GMT-4 1: Discord starting: {"releaseChannel":"stable","version":"0.0.102"}, modulepath: /home/ec/.config/discord/0.0.102/modules
7/17/2025, 9:24:46 PM GMT-4 2: ✅ webContents.created web1 ""
7/17/2025, 9:24:46 PM GMT-4 3: ✅ window.created win1 "discord"
7/17/2025, 9:24:46 PM GMT-4 4: ✅ webContents.did-finish-load web1
7/17/2025, 9:24:47 PM GMT-4 5: ✅ webContents.created web2 ""
7/17/2025, 9:24:47 PM GMT-4 6: ✅ window.created win2 "Discord"
7/17/2025, 9:24:48 PM GMT-4 7: ✅ webContents.did-finish-load web2
7/17/2025, 9:24:48 PM GMT-4 8: window.close win1
7/17/2025, 9:24:48 PM GMT-4 9: webContents.destroyed web1
7/17/2025, 9:24:48 PM GMT-4 10: window.closed win1
7/17/2025, 9:24:53 PM GMT-4 11: window.close win2
7/17/2025, 9:24:55 PM GMT-4 12: before-quit
7/17/2025, 9:24:55 PM GMT-4 13: window.close win2
7/17/2025, 9:24:55 PM GMT-4 14: webContents.destroyed web2
7/17/2025, 9:24:55 PM GMT-4 15: window.closed win2
7/18/2025, 7:34:32 PM GMT-4 0: 

----------------------------------------------
7/18/2025, 7:34:32 PM GMT-4 1: Discord starting: {"releaseChannel":"stable","version":"0.0.102"}, modulepath: /home/ec/.config/discord/0.0.102/modules
7/18/2025, 7:34:32 PM GMT-4 2: ✅ webContents.created web1 ""
7/18/2025, 7:34:32 PM GMT-4 3: ✅ window.created win1 "discord"
7/18/2025, 7:34:32 PM GMT-4 4: ✅ webContents.did-finish-load web1
7/18/2025, 7:34:33 PM GMT-4 5: ✅ webContents.created web2 ""
7/18/2025, 7:34:33 PM GMT-4 6: ✅ window.created win2 "Discord"
7/18/2025, 7:34:34 PM GMT-4 7: ✅ webContents.did-finish-load web2
7/18/2025, 7:34:34 PM GMT-4 8: window.close win1
7/18/2025, 7:34:34 PM GMT-4 9: webContents.destroyed web1
7/18/2025, 7:34:34 PM GMT-4 10: window.closed win1
7/18/2025, 7:38:12 PM GMT-4 11: window.close win2
7/18/2025, 8:29:17 PM GMT-4 12: window.close win2
7/18/2025, 9:24:31 PM GMT-4 13: before-quit
7/18/2025, 9:24:31 PM GMT-4 14: window.close win2
7/18/2025, 9:24:31 PM GMT-4 15: webContents.destroyed web2
7/18/2025, 11:04:51 PM GMT-4 0: 

----------------------------------------------
7/18/2025, 11:04:51 PM GMT-4 1: Discord starting: {"releaseChannel":"stable","version":"0.0.102"}, modulepath: /home/ec/.config/discord/0.0.102/modules
7/18/2025, 11:04:51 PM GMT-4 2: ✅ webContents.created web1 ""
7/18/2025, 11:04:51 PM GMT-4 3: ✅ window.created win1 "discord"
7/18/2025, 11:04:51 PM GMT-4 4: ✅ webContents.did-finish-load web1
7/18/2025, 11:04:51 PM GMT-4 5: ✅ webContents.created web2 ""
7/18/2025, 11:04:51 PM GMT-4 6: ✅ window.created win2 "Discord"
7/18/2025, 11:04:52 PM GMT-4 7: ✅ webContents.did-finish-load web2
7/18/2025, 11:04:52 PM GMT-4 8: window.close win1
7/18/2025, 11:04:52 PM GMT-4 9: webContents.destroyed web1
7/18/2025, 11:04:52 PM GMT-4 10: window.closed win1
7/18/2025, 11:05:45 PM GMT-4 11: before-quit
7/18/2025, 11:05:45 PM GMT-4 12: window.close win2
7/18/2025, 11:05:45 PM GMT-4 13: webContents.destroyed web2
7/18/2025, 11:38:06 PM GMT-4 0: 

----------------------------------------------
7/18/2025, 11:38:06 PM GMT-4 1: Discord starting: {"releaseChannel":"stable","version":"0.0.102"}, modulepath: /home/ec/.config/discord/0.0.102/modules
7/18/2025, 11:38:06 PM GMT-4 2: ✅ webContents.created web1 ""
7/18/2025, 11:38:06 PM GMT-4 3: ✅ window.created win1 "discord"
7/18/2025, 11:38:07 PM GMT-4 4: ✅ webContents.did-finish-load web1
7/18/2025, 11:38:07 PM GMT-4 5: ✅ webContents.created web2 ""
7/18/2025, 11:38:07 PM GMT-4 6: ✅ window.created win2 "Discord"
7/18/2025, 11:38:07 PM GMT-4 7: ✅ webContents.did-finish-load web2
7/18/2025, 11:38:08 PM GMT-4 8: window.close win1
7/18/2025, 11:38:08 PM GMT-4 9: webContents.destroyed web1
7/18/2025, 11:38:08 PM GMT-4 10: window.closed win1
7/18/2025, 11:38:13 PM GMT-4 11: window.close win2
7/18/2025, 11:38:15 PM GMT-4 12: before-quit
7/18/2025, 11:38:15 PM GMT-4 13: window.close win2
7/18/2025, 11:38:15 PM GMT-4 14: webContents.destroyed web2
7/18/2025, 11:38:15 PM GMT-4 15: window.closed win2
7/19/2025, 12:54:55 PM GMT-4 0: 

----------------------------------------------
7/19/2025, 12:54:55 PM GMT-4 1: Discord starting: {"releaseChannel":"stable","version":"0.0.102"}, modulepath: /home/ec/.config/discord/0.0.102/modules
7/19/2025, 12:54:55 PM GMT-4 2: ✅ webContents.created web1 ""
7/19/2025, 12:54:55 PM GMT-4 3: ✅ window.created win1 "discord"
7/19/2025, 12:54:55 PM GMT-4 4: ✅ webContents.did-finish-load web1
7/19/2025, 12:54:56 PM GMT-4 5: ✅ webContents.created web2 ""
7/19/2025, 12:54:56 PM GMT-4 6: ✅ window.created win2 "Discord"
7/19/2025, 12:54:56 PM GMT-4 7: ✅ webContents.did-finish-load web2
7/19/2025, 12:54:57 PM GMT-4 8: window.close win1
7/19/2025, 12:54:57 PM GMT-4 9: webContents.destroyed web1
7/19/2025, 12:54:57 PM GMT-4 10: window.closed win1
7/19/2025, 12:56:15 PM GMT-4 11: window.close win2
7/19/2025, 12:56:17 PM GMT-4 12: before-quit
7/19/2025, 12:56:17 PM GMT-4 13: window.close win2
7/19/2025, 12:56:17 PM GMT-4 14: webContents.destroyed web2
7/19/2025, 1:36:05 PM GMT-4 0: 

----------------------------------------------
7/19/2025, 1:36:05 PM GMT-4 1: Discord starting: {"releaseChannel":"stable","version":"0.0.102"}, modulepath: /home/ec/.config/discord/0.0.102/modules
7/19/2025, 1:36:05 PM GMT-4 2: ✅ webContents.created web1 ""
7/19/2025, 1:36:05 PM GMT-4 3: ✅ window.created win1 "discord"
7/19/2025, 1:36:05 PM GMT-4 4: ✅ webContents.did-finish-load web1
7/19/2025, 1:36:06 PM GMT-4 5: ✅ webContents.created web2 ""
7/19/2025, 1:36:06 PM GMT-4 6: ✅ window.created win2 "Discord"
7/19/2025, 1:36:06 PM GMT-4 7: ✅ webContents.did-finish-load web2
7/19/2025, 1:36:07 PM GMT-4 8: window.close win1
7/19/2025, 1:36:07 PM GMT-4 9: webContents.destroyed web1
7/19/2025, 1:36:07 PM GMT-4 10: window.closed win1
7/19/2025, 1:37:01 PM GMT-4 11: window.close win2
7/19/2025, 2:02:04 PM GMT-4 12: window.close win2
7/19/2025, 2:02:05 PM GMT-4 13: before-quit
7/19/2025, 2:02:05 PM GMT-4 14: window.close win2
7/19/2025, 2:02:05 PM GMT-4 15: webContents.destroyed web2
7/19/2025, 2:33:52 PM GMT-4 0: 

----------------------------------------------
7/19/2025, 2:33:52 PM GMT-4 1: Discord starting: {"releaseChannel":"stable","version":"0.0.102"}, modulepath: /home/ec/.config/discord/0.0.102/modules
7/19/2025, 2:33:52 PM GMT-4 2: ✅ webContents.created web1 ""
7/19/2025, 2:33:52 PM GMT-4 3: ✅ window.created win1 "discord"
7/19/2025, 2:33:52 PM GMT-4 4: ✅ webContents.did-finish-load web1
7/19/2025, 2:33:52 PM GMT-4 5: ✅ webContents.created web2 ""
7/19/2025, 2:33:52 PM GMT-4 6: ✅ window.created win2 "Discord"
7/19/2025, 2:33:52 PM GMT-4 7: window.close win2
7/19/2025, 2:33:53 PM GMT-4 8: ✅ webContents.did-finish-load web2
7/19/2025, 2:33:54 PM GMT-4 9: window.close win1
7/19/2025, 2:33:54 PM GMT-4 10: webContents.destroyed web1
7/19/2025, 2:33:54 PM GMT-4 11: window.closed win1
7/19/2025, 2:35:56 PM GMT-4 12: window.close win2
7/19/2025, 2:35:57 PM GMT-4 13: before-quit
7/19/2025, 2:35:57 PM GMT-4 14: window.close win2
7/19/2025, 2:35:57 PM GMT-4 15: webContents.destroyed web2
7/19/2025, 2:35:57 PM GMT-4 16: window.closed win2
7/19/2025, 5:00:32 PM GMT-4 0: 

----------------------------------------------
7/19/2025, 5:00:32 PM GMT-4 1: Discord starting: {"releaseChannel":"stable","version":"0.0.102"}, modulepath: /home/ec/.config/discord/0.0.102/modules
7/19/2025, 5:00:32 PM GMT-4 2: ✅ webContents.created web1 ""
7/19/2025, 5:00:32 PM GMT-4 3: ✅ window.created win1 "discord"
7/19/2025, 5:00:32 PM GMT-4 4: ✅ webContents.did-finish-load web1
7/19/2025, 5:00:32 PM GMT-4 5: ✅ webContents.created web2 ""
7/19/2025, 5:00:32 PM GMT-4 6: ✅ window.created win2 "Discord"
7/19/2025, 5:00:33 PM GMT-4 7: ✅ webContents.did-finish-load web2
7/19/2025, 5:00:33 PM GMT-4 8: window.close win1
7/19/2025, 5:00:33 PM GMT-4 9: webContents.destroyed web1
7/19/2025, 5:00:33 PM GMT-4 10: window.closed win1
7/19/2025, 5:04:07 PM GMT-4 11: window.close win2
7/19/2025, 5:04:09 PM GMT-4 12: before-quit
7/19/2025, 5:04:09 PM GMT-4 13: window.close win2
7/19/2025, 5:04:09 PM GMT-4 14: webContents.destroyed web2
7/19/2025, 5:04:15 PM GMT-4 0: 

----------------------------------------------
7/19/2025, 5:04:15 PM GMT-4 1: Discord starting: {"releaseChannel":"stable","version":"0.0.102"}, modulepath: /home/ec/.config/discord/0.0.102/modules
7/19/2025, 5:04:15 PM GMT-4 2: ✅ webContents.created web1 ""
7/19/2025, 5:04:15 PM GMT-4 3: ✅ window.created win1 "discord"
7/19/2025, 5:04:16 PM GMT-4 4: ✅ webContents.did-finish-load web1
7/19/2025, 5:04:16 PM GMT-4 5: ✅ webContents.created web2 ""
7/19/2025, 5:04:16 PM GMT-4 6: ✅ window.created win2 "Discord"
7/19/2025, 5:04:17 PM GMT-4 7: ✅ webContents.did-finish-load web2
7/19/2025, 5:04:17 PM GMT-4 8: window.close win1
7/19/2025, 5:04:17 PM GMT-4 9: webContents.destroyed web1
7/19/2025, 5:04:17 PM GMT-4 10: window.closed win1
7/19/2025, 5:04:26 PM GMT-4 11: window.close win2
7/19/2025, 5:04:28 PM GMT-4 12: before-quit
7/19/2025, 5:04:28 PM GMT-4 13: window.close win2
7/19/2025, 5:04:28 PM GMT-4 14: webContents.destroyed web2
7/21/2025, 1:33:40 PM GMT-4 0: 

----------------------------------------------
7/21/2025, 1:33:40 PM GMT-4 1: Discord starting: {"releaseChannel":"stable","version":"0.0.102"}, modulepath: /home/ec/.config/discord/0.0.102/modules
7/21/2025, 1:33:40 PM GMT-4 2: ✅ webContents.created web1 ""
7/21/2025, 1:33:40 PM GMT-4 3: ✅ window.created win1 "discord"
7/21/2025, 1:33:40 PM GMT-4 4: ✅ webContents.did-finish-load web1
7/21/2025, 1:33:41 PM GMT-4 5: ✅ webContents.created web2 ""
7/21/2025, 1:33:41 PM GMT-4 6: ✅ window.created win2 "Discord"
7/21/2025, 1:33:42 PM GMT-4 7: ✅ webContents.did-finish-load web2
7/21/2025, 1:33:42 PM GMT-4 8: window.close win1
7/21/2025, 1:33:42 PM GMT-4 9: webContents.destroyed web1
7/21/2025, 1:33:42 PM GMT-4 10: window.closed win1
7/21/2025, 1:37:19 PM GMT-4 11: window.close win2
7/21/2025, 1:37:22 PM GMT-4 12: before-quit
7/21/2025, 1:37:22 PM GMT-4 13: window.close win2
7/21/2025, 1:37:22 PM GMT-4 14: webContents.destroyed web2
7/22/2025, 12:07:36 AM GMT-4 0: 

----------------------------------------------
7/22/2025, 12:07:36 AM GMT-4 1: Discord starting: {"releaseChannel":"stable","version":"0.0.102"}, modulepath: /home/ec/.config/discord/0.0.102/modules
7/22/2025, 12:07:36 AM GMT-4 2: ✅ webContents.created web1 ""
7/22/2025, 12:07:36 AM GMT-4 3: ✅ window.created win1 "discord"
7/22/2025, 12:07:36 AM GMT-4 4: ✅ webContents.did-finish-load web1
7/22/2025, 12:07:39 AM GMT-4 5: ✅ webContents.created web2 ""
7/22/2025, 12:07:39 AM GMT-4 6: ✅ window.created win2 "Discord"
7/22/2025, 12:07:39 AM GMT-4 7: ✅ webContents.did-finish-load web2
7/22/2025, 12:07:40 AM GMT-4 8: window.close win1
7/22/2025, 12:07:40 AM GMT-4 9: webContents.destroyed web1
7/22/2025, 12:07:40 AM GMT-4 10: window.closed win1
7/22/2025, 12:07:44 AM GMT-4 11: window.close win2
7/22/2025, 12:07:46 AM GMT-4 12: before-quit
7/22/2025, 12:07:46 AM GMT-4 13: window.close win2
7/22/2025, 12:07:46 AM GMT-4 14: webContents.destroyed web2
7/22/2025, 12:07:46 AM GMT-4 15: window.closed win2
7/22/2025, 12:47:37 PM GMT-4 0: 

----------------------------------------------
7/22/2025, 12:47:37 PM GMT-4 1: Discord starting: {"releaseChannel":"stable","version":"0.0.102"}, modulepath: /home/ec/.config/discord/0.0.102/modules
7/22/2025, 12:47:37 PM GMT-4 2: ✅ webContents.created web1 ""
7/22/2025, 12:47:37 PM GMT-4 3: ✅ window.created win1 "discord"
7/22/2025, 12:47:37 PM GMT-4 4: ✅ webContents.did-finish-load web1
7/22/2025, 12:47:37 PM GMT-4 5: ✅ webContents.created web2 ""
7/22/2025, 12:47:37 PM GMT-4 6: ✅ window.created win2 "Discord"
7/22/2025, 12:47:38 PM GMT-4 7: ✅ webContents.did-finish-load web2
7/22/2025, 12:47:38 PM GMT-4 8: window.close win1
7/22/2025, 12:47:38 PM GMT-4 9: webContents.destroyed web1
7/22/2025, 12:47:38 PM GMT-4 10: window.closed win1
7/22/2025, 12:49:19 PM GMT-4 11: window.close win2
7/22/2025, 1:16:02 PM GMT-4 12: before-quit
7/22/2025, 1:16:02 PM GMT-4 13: window.close win2
7/22/2025, 1:16:02 PM GMT-4 14: webContents.destroyed web2
7/23/2025, 12:29:17 PM GMT-4 0: 

----------------------------------------------
7/23/2025, 12:29:17 PM GMT-4 1: Discord starting: {"releaseChannel":"stable","version":"0.0.102"}, modulepath: /home/ec/.config/discord/0.0.102/modules
7/23/2025, 12:29:17 PM GMT-4 2: ✅ webContents.created web1 ""
7/23/2025, 12:29:17 PM GMT-4 3: ✅ window.created win1 "discord"
7/23/2025, 12:29:17 PM GMT-4 4: ✅ webContents.did-finish-load web1
7/23/2025, 12:29:17 PM GMT-4 5: ✅ webContents.created web2 ""
7/23/2025, 12:29:17 PM GMT-4 6: ✅ window.created win2 "Discord"
7/23/2025, 12:29:18 PM GMT-4 7: ✅ webContents.did-finish-load web2
7/23/2025, 12:29:19 PM GMT-4 8: window.close win1
7/23/2025, 12:29:19 PM GMT-4 9: webContents.destroyed web1
7/23/2025, 12:29:19 PM GMT-4 10: window.closed win1
7/23/2025, 12:52:37 PM GMT-4 11: window.close win2
7/23/2025, 1:03:39 PM GMT-4 12: before-quit
7/23/2025, 1:03:39 PM GMT-4 13: window.close win2
7/23/2025, 1:03:39 PM GMT-4 14: webContents.destroyed web2
7/23/2025, 1:03:39 PM GMT-4 15: window.closed win2
7/24/2025, 5:58:48 PM GMT-4 0: 

----------------------------------------------
7/24/2025, 5:58:48 PM GMT-4 1: Discord starting: {"releaseChannel":"stable","version":"0.0.102"}, modulepath: /home/ec/.config/discord/0.0.102/modules
7/24/2025, 5:58:48 PM GMT-4 2: ✅ webContents.created web1 ""
7/24/2025, 5:58:48 PM GMT-4 3: ✅ window.created win1 "discord"
7/24/2025, 5:58:48 PM GMT-4 4: ✅ webContents.did-finish-load web1
7/24/2025, 5:58:48 PM GMT-4 5: ✅ webContents.created web2 ""
7/24/2025, 5:58:48 PM GMT-4 6: ✅ window.created win2 "Discord"
7/24/2025, 5:58:49 PM GMT-4 7: ✅ webContents.did-finish-load web2
7/24/2025, 5:58:50 PM GMT-4 8: window.close win1
7/24/2025, 5:58:50 PM GMT-4 9: webContents.destroyed web1
7/24/2025, 5:58:50 PM GMT-4 10: window.closed win1
7/24/2025, 6:22:28 PM GMT-4 11: window.close win2
7/24/2025, 6:22:30 PM GMT-4 12: before-quit
7/24/2025, 6:22:30 PM GMT-4 13: window.close win2
7/24/2025, 6:22:30 PM GMT-4 14: webContents.destroyed web2
7/24/2025, 6:22:30 PM GMT-4 15: window.closed win2
7/24/2025, 7:04:45 PM GMT-4 0: 

----------------------------------------------
7/24/2025, 7:04:45 PM GMT-4 1: Discord starting: {"releaseChannel":"stable","version":"0.0.102"}, modulepath: /home/ec/.config/discord/0.0.102/modules
7/24/2025, 7:04:45 PM GMT-4 2: ✅ webContents.created web1 ""
7/24/2025, 7:04:45 PM GMT-4 3: ✅ window.created win1 "discord"
7/24/2025, 7:04:45 PM GMT-4 4: ✅ webContents.did-finish-load web1
7/24/2025, 7:04:45 PM GMT-4 5: ✅ webContents.created web2 ""
7/24/2025, 7:04:45 PM GMT-4 6: ✅ window.created win2 "Discord"
7/24/2025, 7:04:46 PM GMT-4 7: ✅ webContents.did-finish-load web2
7/24/2025, 7:04:46 PM GMT-4 8: window.close win1
7/24/2025, 7:04:46 PM GMT-4 9: webContents.destroyed web1
7/24/2025, 7:04:46 PM GMT-4 10: window.closed win1
7/24/2025, 8:40:10 PM GMT-4 11: window.close win2
7/24/2025, 10:48:56 PM GMT-4 12: window.close win2
7/25/2025, 1:53:41 AM GMT-4 13: window.close win2
7/25/2025, 2:13:23 AM GMT-4 14: window.close win2
7/25/2025, 2:13:26 AM GMT-4 15: before-quit
7/25/2025, 2:13:26 AM GMT-4 16: window.close win2
7/25/2025, 2:13:26 AM GMT-4 17: webContents.destroyed web2
7/25/2025, 2:34:18 AM GMT-4 0: 

----------------------------------------------
7/25/2025, 2:34:18 AM GMT-4 1: Discord starting: {"releaseChannel":"stable","version":"0.0.102"}, modulepath: /home/ec/.config/discord/0.0.102/modules
7/25/2025, 2:34:18 AM GMT-4 2: ✅ webContents.created web1 ""
7/25/2025, 2:34:18 AM GMT-4 3: ✅ window.created win1 "discord"
7/25/2025, 2:34:18 AM GMT-4 4: ✅ webContents.did-finish-load web1
7/25/2025, 2:34:19 AM GMT-4 5: ✅ webContents.created web2 ""
7/25/2025, 2:34:19 AM GMT-4 6: ✅ window.created win2 "Discord"
7/25/2025, 2:34:19 AM GMT-4 7: ✅ webContents.did-finish-load web2
7/25/2025, 2:34:20 AM GMT-4 8: window.close win1
7/25/2025, 2:34:20 AM GMT-4 9: webContents.destroyed web1
7/25/2025, 2:34:20 AM GMT-4 10: window.closed win1
7/25/2025, 3:18:59 AM GMT-4 0: 

----------------------------------------------
7/25/2025, 3:18:59 AM GMT-4 1: Discord starting: {"releaseChannel":"stable","version":"0.0.102"}, modulepath: /home/ec/.config/discord/0.0.102/modules
7/25/2025, 3:18:59 AM GMT-4 2: ✅ webContents.created web1 ""
7/25/2025, 3:18:59 AM GMT-4 3: ✅ window.created win1 "discord"
7/25/2025, 3:19:00 AM GMT-4 4: ✅ webContents.did-finish-load web1
7/25/2025, 3:19:00 AM GMT-4 5: ✅ webContents.created web2 ""
7/25/2025, 3:19:00 AM GMT-4 6: ✅ window.created win2 "Discord"
7/25/2025, 3:19:01 AM GMT-4 7: ✅ webContents.did-finish-load web2
7/25/2025, 3:19:01 AM GMT-4 8: window.close win1
7/25/2025, 3:19:01 AM GMT-4 9: webContents.destroyed web1
7/25/2025, 3:19:01 AM GMT-4 10: window.closed win1
7/25/2025, 4:20:46 AM GMT-4 11: window.close win2
7/25/2025, 5:29:41 AM GMT-4 12: before-quit
7/25/2025, 5:29:41 AM GMT-4 13: window.close win2
7/25/2025, 12:02:11 PM GMT-4 0: 

----------------------------------------------
7/25/2025, 12:02:11 PM GMT-4 1: Discord starting: {"releaseChannel":"stable","version":"0.0.102"}, modulepath: /home/ec/.config/discord/0.0.102/modules
7/25/2025, 12:02:11 PM GMT-4 2: ✅ webContents.created web1 ""
7/25/2025, 12:02:11 PM GMT-4 3: ✅ window.created win1 "discord"
7/25/2025, 12:02:11 PM GMT-4 4: ✅ webContents.did-finish-load web1
7/25/2025, 12:02:12 PM GMT-4 5: ✅ webContents.created web2 ""
7/25/2025, 12:02:12 PM GMT-4 6: ✅ window.created win2 "Discord"
7/25/2025, 12:02:12 PM GMT-4 7: ✅ webContents.did-finish-load web2
7/25/2025, 12:02:13 PM GMT-4 8: window.close win1
7/25/2025, 12:02:13 PM GMT-4 9: webContents.destroyed web1
7/25/2025, 12:02:13 PM GMT-4 10: window.closed win1
7/25/2025, 12:14:14 PM GMT-4 11: window.close win2
7/25/2025, 1:53:29 PM GMT-4 12: window.close win2
7/25/2025, 1:53:32 PM GMT-4 13: before-quit
7/25/2025, 1:53:32 PM GMT-4 14: window.close win2
7/25/2025, 1:53:32 PM GMT-4 15: webContents.destroyed web2
7/25/2025, 1:53:32 PM GMT-4 16: window.closed win2
7/25/2025, 10:23:25 PM GMT-4 0: 

----------------------------------------------
7/25/2025, 10:23:25 PM GMT-4 1: Discord starting: {"releaseChannel":"stable","version":"0.0.102"}, modulepath: /home/ec/.config/discord/0.0.102/modules
7/25/2025, 10:23:25 PM GMT-4 2: ✅ webContents.created web1 ""
7/25/2025, 10:23:25 PM GMT-4 3: ✅ window.created win1 "discord"
7/25/2025, 10:23:25 PM GMT-4 4: ✅ webContents.did-finish-load web1
7/25/2025, 10:23:26 PM GMT-4 5: ✅ webContents.created web2 ""
7/25/2025, 10:23:26 PM GMT-4 6: ✅ window.created win2 "Discord"
7/25/2025, 10:23:26 PM GMT-4 7: ✅ webContents.did-finish-load web2
7/25/2025, 10:23:27 PM GMT-4 8: window.close win1
7/25/2025, 10:23:27 PM GMT-4 9: webContents.destroyed web1
7/25/2025, 10:23:27 PM GMT-4 10: window.closed win1
7/25/2025, 10:23:34 PM GMT-4 11: window.close win2
7/25/2025, 10:44:58 PM GMT-4 12: window.close win2
7/25/2025, 10:45:01 PM GMT-4 13: before-quit
7/25/2025, 10:45:01 PM GMT-4 14: window.close win2
7/25/2025, 10:45:01 PM GMT-4 15: webContents.destroyed web2
7/25/2025, 10:45:01 PM GMT-4 16: window.closed win2
7/26/2025, 4:40:04 PM GMT-4 0: 

----------------------------------------------
7/26/2025, 4:40:04 PM GMT-4 1: Discord starting: {"releaseChannel":"stable","version":"0.0.102"}, modulepath: /home/ec/.config/discord/0.0.102/modules
7/26/2025, 4:40:04 PM GMT-4 2: ✅ webContents.created web1 ""
7/26/2025, 4:40:04 PM GMT-4 3: ✅ window.created win1 "discord"
7/26/2025, 4:40:04 PM GMT-4 4: ✅ webContents.did-finish-load web1
7/26/2025, 4:40:04 PM GMT-4 5: ✅ webContents.created web2 ""
7/26/2025, 4:40:04 PM GMT-4 6: ✅ window.created win2 "Discord"
7/26/2025, 4:40:05 PM GMT-4 7: ✅ webContents.did-finish-load web2
7/26/2025, 4:40:05 PM GMT-4 8: window.close win1
7/26/2025, 4:40:06 PM GMT-4 9: webContents.destroyed web1
7/26/2025, 4:40:06 PM GMT-4 10: window.closed win1
7/26/2025, 5:41:27 PM GMT-4 11: window.close win2
7/26/2025, 6:58:23 PM GMT-4 12: window.close win2
7/26/2025, 7:24:05 PM GMT-4 13: window.close win2
7/26/2025, 7:24:07 PM GMT-4 14: before-quit
7/26/2025, 7:24:07 PM GMT-4 15: window.close win2
7/26/2025, 7:24:07 PM GMT-4 16: webContents.destroyed web2
7/26/2025, 7:24:07 PM GMT-4 17: window.closed win2
7/26/2025, 8:29:36 PM GMT-4 0: 

----------------------------------------------
7/26/2025, 8:29:36 PM GMT-4 1: Discord starting: {"releaseChannel":"stable","version":"0.0.102"}, modulepath: /home/ec/.config/discord/0.0.102/modules
7/26/2025, 8:29:36 PM GMT-4 2: ✅ webContents.created web1 ""
7/26/2025, 8:29:36 PM GMT-4 3: ✅ window.created win1 "discord"
7/26/2025, 8:29:36 PM GMT-4 4: ✅ webContents.did-finish-load web1
7/26/2025, 8:29:36 PM GMT-4 5: ✅ webContents.created web2 ""
7/26/2025, 8:29:36 PM GMT-4 6: ✅ window.created win2 "Discord"
7/26/2025, 8:29:37 PM GMT-4 7: ✅ webContents.did-finish-load web2
7/26/2025, 8:29:37 PM GMT-4 8: window.close win1
7/26/2025, 8:29:37 PM GMT-4 9: webContents.destroyed web1
7/26/2025, 8:29:37 PM GMT-4 10: window.closed win1
7/26/2025, 8:39:33 PM GMT-4 11: window.close win2
7/26/2025, 8:39:35 PM GMT-4 12: before-quit
7/26/2025, 8:39:35 PM GMT-4 13: window.close win2
7/26/2025, 8:39:35 PM GMT-4 14: webContents.destroyed web2
7/26/2025, 8:39:35 PM GMT-4 15: window.closed win2
7/26/2025, 9:04:59 PM GMT-4 0: 

----------------------------------------------
7/26/2025, 9:04:59 PM GMT-4 1: Discord starting: {"releaseChannel":"stable","version":"0.0.102"}, modulepath: /home/ec/.config/discord/0.0.102/modules
7/26/2025, 9:04:59 PM GMT-4 2: ✅ webContents.created web1 ""
7/26/2025, 9:04:59 PM GMT-4 3: ✅ window.created win1 "discord"
7/26/2025, 9:05:00 PM GMT-4 4: ✅ webContents.did-finish-load web1
7/26/2025, 9:05:00 PM GMT-4 5: ✅ webContents.created web2 ""
7/26/2025, 9:05:00 PM GMT-4 6: ✅ window.created win2 "Discord"
7/26/2025, 9:05:00 PM GMT-4 7: ✅ webContents.did-finish-load web2
7/26/2025, 9:05:01 PM GMT-4 8: window.close win1
7/26/2025, 9:05:01 PM GMT-4 9: webContents.destroyed web1
7/26/2025, 9:05:01 PM GMT-4 10: window.closed win1
7/26/2025, 9:08:34 PM GMT-4 11: window.close win2
7/26/2025, 9:08:37 PM GMT-4 12: before-quit
7/26/2025, 9:08:37 PM GMT-4 13: window.close win2
7/26/2025, 9:08:37 PM GMT-4 14: webContents.destroyed web2
7/26/2025, 9:08:37 PM GMT-4 15: window.closed win2
