[2025-Jun-01 10:31:28.850 -04:00][ 2440: 2440][info ] Logging initialized
[2025-Jun-01 10:31:28.850 -04:00][ 2440: 2440][info ] Initializing krisp SDK...
[2025-Jun-01 10:31:28.850 -04:00][ 2440: 2440][info ] DoKrispInitialize
[2025-Jun-01 10:31:29.091 -04:00][ 2440: 2440][info ] LoadDynamicKrisp
[2025-Jun-01 10:31:29.091 -04:00][ 2440: 2440][info ] Did not find KRISP_DYLIB_PATH, skipping dynamic loading
[2025-Jun-01 10:31:29.091 -04:00][ 2440: 2440][info ] Initializing Krisp SDK in PID 2440, addr 0x7f630d58c820
[2025-Jun-01 10:31:29.215 -04:00][ 2440: 2440][info ] Initialized Krisp SDK successfully
[2025-Jun-01 10:31:29.215 -04:00][ 2440: 2440][info ] Krisp SDK initialized
[2025-Jun-01 10:41:57.046 -04:00][ 1262: 1262][info ] Logging initialized
[2025-Jun-01 10:41:57.046 -04:00][ 1262: 1262][info ] Initializing krisp SDK...
[2025-Jun-01 10:41:57.046 -04:00][ 1262: 1262][info ] DoKrispInitialize
[2025-Jun-01 10:41:57.291 -04:00][ 1262: 1262][info ] LoadDynamicKrisp
[2025-Jun-01 10:41:57.291 -04:00][ 1262: 1262][info ] Did not find KRISP_DYLIB_PATH, skipping dynamic loading
[2025-Jun-01 10:41:57.291 -04:00][ 1262: 1262][info ] Initializing Krisp SDK in PID 1262, addr 0x7f4d2e78c820
[2025-Jun-01 10:41:57.419 -04:00][ 1262: 1262][info ] Initialized Krisp SDK successfully
[2025-Jun-01 10:41:57.419 -04:00][ 1262: 1262][info ] Krisp SDK initialized
[2025-Jun-01 10:56:35.044 -04:00][15569:15569][info ] Logging initialized
[2025-Jun-01 10:56:35.044 -04:00][15569:15569][info ] Initializing krisp SDK...
[2025-Jun-01 10:56:35.044 -04:00][15569:15569][info ] DoKrispInitialize
[2025-Jun-01 10:56:35.280 -04:00][15569:15569][info ] LoadDynamicKrisp
[2025-Jun-01 10:56:35.280 -04:00][15569:15569][info ] Did not find KRISP_DYLIB_PATH, skipping dynamic loading
[2025-Jun-01 10:56:35.280 -04:00][15569:15569][info ] Initializing Krisp SDK in PID 15569, addr 0x7f01a118c820
[2025-Jun-01 10:56:35.404 -04:00][15569:15569][info ] Initialized Krisp SDK successfully
[2025-Jun-01 10:56:35.404 -04:00][15569:15569][info ] Krisp SDK initialized
[2025-Jun-01 11:26:57.434 -04:00][29883:29883][info ] Logging initialized
[2025-Jun-01 11:26:57.434 -04:00][29883:29883][info ] Initializing krisp SDK...
[2025-Jun-01 11:26:57.434 -04:00][29883:29883][info ] DoKrispInitialize
[2025-Jun-01 11:26:57.683 -04:00][29883:29883][info ] LoadDynamicKrisp
[2025-Jun-01 11:26:57.683 -04:00][29883:29883][info ] Did not find KRISP_DYLIB_PATH, skipping dynamic loading
[2025-Jun-01 11:26:57.683 -04:00][29883:29883][info ] Initializing Krisp SDK in PID 29883, addr 0x7f417778c820
[2025-Jun-01 11:26:57.811 -04:00][29883:29883][info ] Initialized Krisp SDK successfully
[2025-Jun-01 11:26:57.811 -04:00][29883:29883][info ] Krisp SDK initialized
[2025-Jun-01 12:23:42.729 -04:00][121706:121706][info ] Logging initialized
[2025-Jun-01 12:23:42.729 -04:00][121706:121706][info ] Initializing krisp SDK...
[2025-Jun-01 12:23:42.729 -04:00][121706:121706][info ] DoKrispInitialize
[2025-Jun-01 12:23:42.989 -04:00][121706:121706][info ] LoadDynamicKrisp
[2025-Jun-01 12:23:42.989 -04:00][121706:121706][info ] Did not find KRISP_DYLIB_PATH, skipping dynamic loading
[2025-Jun-01 12:23:42.989 -04:00][121706:121706][info ] Initializing Krisp SDK in PID 121706, addr 0x7f740598c820
[2025-Jun-01 12:23:43.116 -04:00][121706:121706][info ] Initialized Krisp SDK successfully
[2025-Jun-01 12:23:43.116 -04:00][121706:121706][info ] Krisp SDK initialized
[2025-Jun-01 12:23:43.902 -04:00][121706:121706][info ] Logging initialized
[2025-Jun-01 12:23:43.902 -04:00][121706:121706][info ] Initializing krisp SDK...
[2025-Jun-01 12:23:43.902 -04:00][121706:121706][info ] Krisp SDK initialized
[2025-Jun-01 20:56:32.955 -04:00][ 3063: 3063][info ] Logging initialized
[2025-Jun-01 20:56:32.955 -04:00][ 3063: 3063][info ] Initializing krisp SDK...
[2025-Jun-01 20:56:32.955 -04:00][ 3063: 3063][info ] DoKrispInitialize
[2025-Jun-01 20:56:33.201 -04:00][ 3063: 3063][info ] LoadDynamicKrisp
[2025-Jun-01 20:56:33.201 -04:00][ 3063: 3063][info ] Did not find KRISP_DYLIB_PATH, skipping dynamic loading
[2025-Jun-01 20:56:33.201 -04:00][ 3063: 3063][info ] Initializing Krisp SDK in PID 3063, addr 0x7e625e58c820
[2025-Jun-01 20:56:33.330 -04:00][ 3063: 3063][info ] Initialized Krisp SDK successfully
[2025-Jun-01 20:56:33.330 -04:00][ 3063: 3063][info ] Krisp SDK initialized
[2025-Jun-01 22:18:50.383 -04:00][ 2589: 2589][info ] Logging initialized
[2025-Jun-01 22:18:50.383 -04:00][ 2589: 2589][info ] Initializing krisp SDK...
[2025-Jun-01 22:18:50.383 -04:00][ 2589: 2589][info ] DoKrispInitialize
[2025-Jun-01 22:18:50.631 -04:00][ 2589: 2589][info ] LoadDynamicKrisp
[2025-Jun-01 22:18:50.631 -04:00][ 2589: 2589][info ] Did not find KRISP_DYLIB_PATH, skipping dynamic loading
[2025-Jun-01 22:18:50.631 -04:00][ 2589: 2589][info ] Initializing Krisp SDK in PID 2589, addr 0x7fd31078c820
[2025-Jun-01 22:18:50.759 -04:00][ 2589: 2589][info ] Initialized Krisp SDK successfully
[2025-Jun-01 22:18:50.759 -04:00][ 2589: 2589][info ] Krisp SDK initialized
[2025-Jun-02 12:50:23.434 -04:00][ 2589: 2638][info ] KrispNCSetup: sampleRate = 8000, duration = 10
[2025-Jun-02 12:50:23.434 -04:00][ 2589: 2638][info ] Setting Krisp model: small_NC_8k
[2025-Jun-02 12:50:23.439 -04:00][ 2589: 2638][info ] KrispNCReset
[2025-Jun-02 12:50:23.439 -04:00][ 2589: 2638][info ] KrispNCSetup: sampleRate = 48000, duration = 10
[2025-Jun-02 12:50:23.439 -04:00][ 2589: 2638][info ] Setting Krisp model: full_NC
[2025-Jun-02 12:50:26.036 -04:00][ 2589: 2638][info ] KrispNCReset
[2025-Jun-02 12:50:26.036 -04:00][ 2589: 2638][info ] KrispNCSetup: sampleRate = 8000, duration = 10
[2025-Jun-02 12:50:26.036 -04:00][ 2589: 2638][info ] Setting Krisp model: small_NC_8k
[2025-Jun-03 00:33:08.968 -04:00][ 4172: 4172][info ] Logging initialized
[2025-Jun-03 00:33:08.968 -04:00][ 4172: 4172][info ] Initializing krisp SDK...
[2025-Jun-03 00:33:08.968 -04:00][ 4172: 4172][info ] DoKrispInitialize
[2025-Jun-03 00:33:09.207 -04:00][ 4172: 4172][info ] LoadDynamicKrisp
[2025-Jun-03 00:33:09.207 -04:00][ 4172: 4172][info ] Did not find KRISP_DYLIB_PATH, skipping dynamic loading
[2025-Jun-03 00:33:09.207 -04:00][ 4172: 4172][info ] Initializing Krisp SDK in PID 4172, addr 0x7fd54238c820
[2025-Jun-03 00:33:09.329 -04:00][ 4172: 4172][info ] Initialized Krisp SDK successfully
[2025-Jun-03 00:33:09.329 -04:00][ 4172: 4172][info ] Krisp SDK initialized
[2025-Jun-03 13:17:03.895 -04:00][ 1538: 1538][info ] Logging initialized
[2025-Jun-03 13:17:03.895 -04:00][ 1538: 1538][info ] Initializing krisp SDK...
[2025-Jun-03 13:17:03.895 -04:00][ 1538: 1538][info ] DoKrispInitialize
[2025-Jun-03 13:17:04.141 -04:00][ 1538: 1538][info ] LoadDynamicKrisp
[2025-Jun-03 13:17:04.141 -04:00][ 1538: 1538][info ] Did not find KRISP_DYLIB_PATH, skipping dynamic loading
[2025-Jun-03 13:17:04.141 -04:00][ 1538: 1538][info ] Initializing Krisp SDK in PID 1538, addr 0x7fc149f8c820
[2025-Jun-03 13:17:04.269 -04:00][ 1538: 1538][info ] Initialized Krisp SDK successfully
[2025-Jun-03 13:17:04.269 -04:00][ 1538: 1538][info ] Krisp SDK initialized
[2025-Jun-03 17:53:40.212 -04:00][ 1538: 1603][info ] KrispNCSetup: sampleRate = 8000, duration = 10
[2025-Jun-03 17:53:40.212 -04:00][ 1538: 1603][info ] Setting Krisp model: small_NC_8k
[2025-Jun-03 17:53:40.233 -04:00][ 1538: 1603][info ] KrispNCReset
[2025-Jun-03 17:53:40.233 -04:00][ 1538: 1603][info ] KrispNCSetup: sampleRate = 48000, duration = 10
[2025-Jun-03 17:53:40.233 -04:00][ 1538: 1603][info ] Setting Krisp model: full_NC
[2025-Jun-03 17:53:53.092 -04:00][ 1538: 1603][info ] KrispVADSetup: sampleRate = 48000, duration = 10
[2025-Jun-03 18:07:29.133 -04:00][ 1538: 1580][info ] KrispNCReset
[2025-Jun-03 18:07:29.228 -04:00][ 1538: 1603][info ] KrispVADSetup: sampleRate = 48000, duration = 10
[2025-Jun-03 18:07:30.258 -04:00][ 1538: 1580][info ] KrispVADReset
[2025-Jun-03 18:10:35.769 -04:00][ 1538: 1603][info ] KrispVADSetup: sampleRate = 48000, duration = 10
[2025-Jun-03 18:10:38.038 -04:00][ 1538: 1580][info ] KrispVADReset
[2025-Jun-03 18:29:37.820 -04:00][ 1538: 1603][info ] KrispVADSetup: sampleRate = 48000, duration = 10
[2025-Jun-03 18:29:40.368 -04:00][ 1538: 1580][info ] KrispVADReset
[2025-Jun-03 18:29:40.401 -04:00][ 1538: 1603][info ] KrispVADSetup: sampleRate = 48000, duration = 10
[2025-Jun-03 18:29:41.656 -04:00][ 1538: 1580][info ] KrispVADReset
[2025-Jun-03 19:43:49.379 -04:00][ 1538: 1580][info ] KrispVADReset
[2025-Jun-04 06:13:49.288 -04:00][ 1514: 1514][info ] Logging initialized
[2025-Jun-04 06:13:49.288 -04:00][ 1514: 1514][info ] Initializing krisp SDK...
[2025-Jun-04 06:13:49.288 -04:00][ 1514: 1514][info ] DoKrispInitialize
[2025-Jun-04 06:13:49.534 -04:00][ 1514: 1514][info ] LoadDynamicKrisp
[2025-Jun-04 06:13:49.535 -04:00][ 1514: 1514][info ] Did not find KRISP_DYLIB_PATH, skipping dynamic loading
[2025-Jun-04 06:13:49.535 -04:00][ 1514: 1514][info ] Initializing Krisp SDK in PID 1514, addr 0x7f5a8c98c820
[2025-Jun-04 06:13:49.663 -04:00][ 1514: 1514][info ] Initialized Krisp SDK successfully
[2025-Jun-04 06:13:49.663 -04:00][ 1514: 1514][info ] Krisp SDK initialized
[2025-Jun-05 03:25:29.786 -04:00][ 9509: 9509][info ] Logging initialized
[2025-Jun-05 03:25:29.786 -04:00][ 9509: 9509][info ] Initializing krisp SDK...
[2025-Jun-05 03:25:29.786 -04:00][ 9509: 9509][info ] DoKrispInitialize
[2025-Jun-05 03:25:30.033 -04:00][ 9509: 9509][info ] LoadDynamicKrisp
[2025-Jun-05 03:25:30.033 -04:00][ 9509: 9509][info ] Did not find KRISP_DYLIB_PATH, skipping dynamic loading
[2025-Jun-05 03:25:30.033 -04:00][ 9509: 9509][info ] Initializing Krisp SDK in PID 9509, addr 0x7ff14538c820
[2025-Jun-05 03:25:30.162 -04:00][ 9509: 9509][info ] Initialized Krisp SDK successfully
[2025-Jun-05 03:25:30.162 -04:00][ 9509: 9509][info ] Krisp SDK initialized
[2025-Jun-05 04:17:05.627 -04:00][36101:36101][info ] Logging initialized
[2025-Jun-05 04:17:05.627 -04:00][36101:36101][info ] Initializing krisp SDK...
[2025-Jun-05 04:17:05.627 -04:00][36101:36101][info ] DoKrispInitialize
[2025-Jun-05 04:17:05.864 -04:00][36101:36101][info ] LoadDynamicKrisp
[2025-Jun-05 04:17:05.864 -04:00][36101:36101][info ] Did not find KRISP_DYLIB_PATH, skipping dynamic loading
[2025-Jun-05 04:17:05.864 -04:00][36101:36101][info ] Initializing Krisp SDK in PID 36101, addr 0x7f03ee18c820
[2025-Jun-05 04:17:05.988 -04:00][36101:36101][info ] Initialized Krisp SDK successfully
[2025-Jun-05 04:17:05.988 -04:00][36101:36101][info ] Krisp SDK initialized
[2025-Jun-05 04:53:16.164 -04:00][44008:44008][info ] Logging initialized
[2025-Jun-05 04:53:16.164 -04:00][44008:44008][info ] Initializing krisp SDK...
[2025-Jun-05 04:53:16.164 -04:00][44008:44008][info ] DoKrispInitialize
[2025-Jun-05 04:53:16.398 -04:00][44008:44008][info ] LoadDynamicKrisp
[2025-Jun-05 04:53:16.398 -04:00][44008:44008][info ] Did not find KRISP_DYLIB_PATH, skipping dynamic loading
[2025-Jun-05 04:53:16.398 -04:00][44008:44008][info ] Initializing Krisp SDK in PID 44008, addr 0x7fa40f38c820
[2025-Jun-05 04:53:16.522 -04:00][44008:44008][info ] Initialized Krisp SDK successfully
[2025-Jun-05 04:53:16.522 -04:00][44008:44008][info ] Krisp SDK initialized
[2025-Jun-05 13:02:31.526 -04:00][83884:83884][info ] Logging initialized
[2025-Jun-05 13:02:31.526 -04:00][83884:83884][info ] Initializing krisp SDK...
[2025-Jun-05 13:02:31.526 -04:00][83884:83884][info ] DoKrispInitialize
[2025-Jun-05 13:02:31.760 -04:00][83884:83884][info ] LoadDynamicKrisp
[2025-Jun-05 13:02:31.760 -04:00][83884:83884][info ] Did not find KRISP_DYLIB_PATH, skipping dynamic loading
[2025-Jun-05 13:02:31.760 -04:00][83884:83884][info ] Initializing Krisp SDK in PID 83884, addr 0x7f27f258c820
[2025-Jun-05 13:02:31.884 -04:00][83884:83884][info ] Initialized Krisp SDK successfully
[2025-Jun-05 13:02:31.884 -04:00][83884:83884][info ] Krisp SDK initialized
[2025-Jun-06 04:09:46.905 -04:00][ 3768: 3768][info ] Logging initialized
[2025-Jun-06 04:09:46.905 -04:00][ 3768: 3768][info ] Initializing krisp SDK...
[2025-Jun-06 04:09:46.905 -04:00][ 3768: 3768][info ] DoKrispInitialize
[2025-Jun-06 04:09:47.153 -04:00][ 3768: 3768][info ] LoadDynamicKrisp
[2025-Jun-06 04:09:47.153 -04:00][ 3768: 3768][info ] Did not find KRISP_DYLIB_PATH, skipping dynamic loading
[2025-Jun-06 04:09:47.153 -04:00][ 3768: 3768][info ] Initializing Krisp SDK in PID 3768, addr 0x7f0333f8c820
[2025-Jun-06 04:09:47.283 -04:00][ 3768: 3768][info ] Initialized Krisp SDK successfully
[2025-Jun-06 04:09:47.283 -04:00][ 3768: 3768][info ] Krisp SDK initialized
[2025-Jun-06 12:35:52.246 -04:00][ 4538: 4538][info ] Logging initialized
[2025-Jun-06 12:35:52.246 -04:00][ 4538: 4538][info ] Initializing krisp SDK...
[2025-Jun-06 12:35:52.246 -04:00][ 4538: 4538][info ] DoKrispInitialize
[2025-Jun-06 12:35:52.492 -04:00][ 4538: 4538][info ] LoadDynamicKrisp
[2025-Jun-06 12:35:52.492 -04:00][ 4538: 4538][info ] Did not find KRISP_DYLIB_PATH, skipping dynamic loading
[2025-Jun-06 12:35:52.492 -04:00][ 4538: 4538][info ] Initializing Krisp SDK in PID 4538, addr 0x7fc30698c820
[2025-Jun-06 12:35:52.618 -04:00][ 4538: 4538][info ] Initialized Krisp SDK successfully
[2025-Jun-06 12:35:52.618 -04:00][ 4538: 4538][info ] Krisp SDK initialized
[2025-Jun-06 15:06:08.994 -04:00][ 1232: 1232][info ] Logging initialized
[2025-Jun-06 15:06:08.994 -04:00][ 1232: 1232][info ] Initializing krisp SDK...
[2025-Jun-06 15:06:08.994 -04:00][ 1232: 1232][info ] DoKrispInitialize
[2025-Jun-06 15:06:09.240 -04:00][ 1232: 1232][info ] LoadDynamicKrisp
[2025-Jun-06 15:06:09.240 -04:00][ 1232: 1232][info ] Did not find KRISP_DYLIB_PATH, skipping dynamic loading
[2025-Jun-06 15:06:09.240 -04:00][ 1232: 1232][info ] Initializing Krisp SDK in PID 1232, addr 0x7f4b7978c820
[2025-Jun-06 15:06:09.368 -04:00][ 1232: 1232][info ] Initialized Krisp SDK successfully
[2025-Jun-06 15:06:09.368 -04:00][ 1232: 1232][info ] Krisp SDK initialized
[2025-Jun-07 03:26:57.039 -04:00][ 1572: 1572][info ] Logging initialized
[2025-Jun-07 03:26:57.039 -04:00][ 1572: 1572][info ] Initializing krisp SDK...
[2025-Jun-07 03:26:57.039 -04:00][ 1572: 1572][info ] DoKrispInitialize
[2025-Jun-07 03:26:57.286 -04:00][ 1572: 1572][info ] LoadDynamicKrisp
[2025-Jun-07 03:26:57.286 -04:00][ 1572: 1572][info ] Did not find KRISP_DYLIB_PATH, skipping dynamic loading
[2025-Jun-07 03:26:57.286 -04:00][ 1572: 1572][info ] Initializing Krisp SDK in PID 1572, addr 0x7f65ca98c820
[2025-Jun-07 03:26:57.414 -04:00][ 1572: 1572][info ] Initialized Krisp SDK successfully
[2025-Jun-07 03:26:57.414 -04:00][ 1572: 1572][info ] Krisp SDK initialized
[2025-Jun-07 07:09:18.400 -04:00][ 3520: 3520][info ] Logging initialized
[2025-Jun-07 07:09:18.400 -04:00][ 3520: 3520][info ] Initializing krisp SDK...
[2025-Jun-07 07:09:18.400 -04:00][ 3520: 3520][info ] DoKrispInitialize
[2025-Jun-07 07:09:18.647 -04:00][ 3520: 3520][info ] LoadDynamicKrisp
[2025-Jun-07 07:09:18.647 -04:00][ 3520: 3520][info ] Did not find KRISP_DYLIB_PATH, skipping dynamic loading
[2025-Jun-07 07:09:18.647 -04:00][ 3520: 3520][info ] Initializing Krisp SDK in PID 3520, addr 0x7fe5d178c820
[2025-Jun-07 07:09:18.775 -04:00][ 3520: 3520][info ] Initialized Krisp SDK successfully
[2025-Jun-07 07:09:18.775 -04:00][ 3520: 3520][info ] Krisp SDK initialized
[2025-Jun-07 10:32:32.305 -04:00][ 1572: 1572][info ] Logging initialized
[2025-Jun-07 10:32:32.305 -04:00][ 1572: 1572][info ] Initializing krisp SDK...
[2025-Jun-07 10:32:32.305 -04:00][ 1572: 1572][info ] DoKrispInitialize
[2025-Jun-07 10:32:32.551 -04:00][ 1572: 1572][info ] LoadDynamicKrisp
[2025-Jun-07 10:32:32.551 -04:00][ 1572: 1572][info ] Did not find KRISP_DYLIB_PATH, skipping dynamic loading
[2025-Jun-07 10:32:32.551 -04:00][ 1572: 1572][info ] Initializing Krisp SDK in PID 1572, addr 0x7f50ec58c820
[2025-Jun-07 10:32:32.679 -04:00][ 1572: 1572][info ] Initialized Krisp SDK successfully
[2025-Jun-07 10:32:32.679 -04:00][ 1572: 1572][info ] Krisp SDK initialized
[2025-Jun-25 03:10:28.462 -04:00][11159:11159][info ] Logging initialized
[2025-Jun-25 03:10:28.462 -04:00][11159:11159][info ] Initializing krisp SDK...
[2025-Jun-25 03:10:28.462 -04:00][11159:11159][info ] DoKrispInitialize
[2025-Jun-25 03:10:28.701 -04:00][11159:11159][info ] LoadDynamicKrisp
[2025-Jun-25 03:10:28.701 -04:00][11159:11159][info ] Did not find KRISP_DYLIB_PATH, skipping dynamic loading
[2025-Jun-25 03:10:28.701 -04:00][11159:11159][info ] Initializing Krisp SDK in PID 11159, addr 0x7efea8d8d8e0
[2025-Jun-25 03:10:28.826 -04:00][11159:11159][info ] Initialized Krisp SDK successfully
[2025-Jun-25 03:10:28.826 -04:00][11159:11159][info ] Krisp SDK initialized
[2025-Jun-25 03:10:31.431 -04:00][11159:11159][info ] KrispNCSetModel: model = 
[2025-Jun-25 03:11:12.514 -04:00][12048:12048][info ] Logging initialized
[2025-Jun-25 03:11:12.514 -04:00][12048:12048][info ] Initializing krisp SDK...
[2025-Jun-25 03:11:12.514 -04:00][12048:12048][info ] DoKrispInitialize
[2025-Jun-25 03:11:12.756 -04:00][12048:12048][info ] LoadDynamicKrisp
[2025-Jun-25 03:11:12.756 -04:00][12048:12048][info ] Did not find KRISP_DYLIB_PATH, skipping dynamic loading
[2025-Jun-25 03:11:12.756 -04:00][12048:12048][info ] Initializing Krisp SDK in PID 12048, addr 0x7f1c0c98d8e0
[2025-Jun-25 03:11:12.879 -04:00][12048:12048][info ] Initialized Krisp SDK successfully
[2025-Jun-25 03:11:12.879 -04:00][12048:12048][info ] Krisp SDK initialized
[2025-Jun-25 03:11:16.358 -04:00][12048:12048][info ] KrispNCSetModel: model = 
[2025-Jun-28 16:18:08.368 -04:00][ 1159: 1159][info ] Logging initialized
[2025-Jun-28 16:18:08.368 -04:00][ 1159: 1159][info ] Initializing krisp SDK...
[2025-Jun-28 16:18:08.368 -04:00][ 1159: 1159][info ] DoKrispInitialize
[2025-Jun-28 16:18:08.615 -04:00][ 1159: 1159][info ] LoadDynamicKrisp
[2025-Jun-28 16:18:08.615 -04:00][ 1159: 1159][info ] Did not find KRISP_DYLIB_PATH, skipping dynamic loading
[2025-Jun-28 16:18:08.615 -04:00][ 1159: 1159][info ] Initializing Krisp SDK in PID 1159, addr 0x7f740c98d8e0
[2025-Jun-28 16:18:08.743 -04:00][ 1159: 1159][info ] Initialized Krisp SDK successfully
[2025-Jun-28 16:18:08.743 -04:00][ 1159: 1159][info ] Krisp SDK initialized
[2025-Jun-28 16:18:12.871 -04:00][ 1159: 1159][info ] KrispNCSetModel: model = 
[2025-Jun-28 22:15:42.520 -04:00][ 9683: 9683][info ] Logging initialized
[2025-Jun-28 22:15:42.520 -04:00][ 9683: 9683][info ] Initializing krisp SDK...
[2025-Jun-28 22:15:42.520 -04:00][ 9683: 9683][info ] DoKrispInitialize
[2025-Jun-28 22:15:42.772 -04:00][ 9683: 9683][info ] LoadDynamicKrisp
[2025-Jun-28 22:15:42.772 -04:00][ 9683: 9683][info ] Did not find KRISP_DYLIB_PATH, skipping dynamic loading
[2025-Jun-28 22:15:42.772 -04:00][ 9683: 9683][info ] Initializing Krisp SDK in PID 9683, addr 0x7f7db7f8d8e0
[2025-Jun-28 22:15:42.901 -04:00][ 9683: 9683][info ] Initialized Krisp SDK successfully
[2025-Jun-28 22:15:42.901 -04:00][ 9683: 9683][info ] Krisp SDK initialized
[2025-Jun-28 22:15:46.700 -04:00][ 9683: 9683][info ] KrispNCSetModel: model = 
[2025-Jul-11 23:08:38.954 -04:00][10915:10915][info ] Logging initialized
[2025-Jul-11 23:08:38.954 -04:00][10915:10915][info ] Initializing krisp SDK...
[2025-Jul-11 23:08:38.954 -04:00][10915:10915][info ] DoKrispInitialize
[2025-Jul-11 23:08:39.313 -04:00][10915:10915][info ] LoadDynamicKrisp
[2025-Jul-11 23:08:39.313 -04:00][10915:10915][info ] Did not find KRISP_DYLIB_PATH, skipping dynamic loading
[2025-Jul-11 23:08:39.313 -04:00][10915:10915][info ] Initializing Krisp SDK in PID 10915, addr 0x7fb89cb8d8e0
[2025-Jul-11 23:08:39.497 -04:00][10915:10915][info ] Initialized Krisp SDK successfully
[2025-Jul-11 23:08:39.497 -04:00][10915:10915][info ] Krisp SDK initialized
[2025-Jul-11 23:08:43.209 -04:00][10915:10915][info ] KrispNCSetModel: model = 
[2025-Jul-12 21:28:39.473 -04:00][ 2237: 2237][info ] Logging initialized
[2025-Jul-12 21:28:39.473 -04:00][ 2237: 2237][info ] Initializing krisp SDK...
[2025-Jul-12 21:28:39.473 -04:00][ 2237: 2237][info ] DoKrispInitialize
[2025-Jul-12 21:28:39.830 -04:00][ 2237: 2237][info ] LoadDynamicKrisp
[2025-Jul-12 21:28:39.830 -04:00][ 2237: 2237][info ] Did not find KRISP_DYLIB_PATH, skipping dynamic loading
[2025-Jul-12 21:28:39.830 -04:00][ 2237: 2237][info ] Initializing Krisp SDK in PID 2237, addr 0x7f45f438d8e0
[2025-Jul-12 21:28:40.014 -04:00][ 2237: 2237][info ] Initialized Krisp SDK successfully
[2025-Jul-12 21:28:40.014 -04:00][ 2237: 2237][info ] Krisp SDK initialized
[2025-Jul-12 21:28:43.798 -04:00][ 2237: 2237][info ] KrispNCSetModel: model = 
[2025-Jul-12 23:54:52.166 -04:00][ 1779: 1779][info ] Logging initialized
[2025-Jul-12 23:54:52.166 -04:00][ 1779: 1779][info ] Initializing krisp SDK...
[2025-Jul-12 23:54:52.166 -04:00][ 1779: 1779][info ] DoKrispInitialize
[2025-Jul-12 23:54:52.502 -04:00][ 1779: 1779][info ] LoadDynamicKrisp
[2025-Jul-12 23:54:52.502 -04:00][ 1779: 1779][info ] Did not find KRISP_DYLIB_PATH, skipping dynamic loading
[2025-Jul-12 23:54:52.502 -04:00][ 1779: 1779][info ] Initializing Krisp SDK in PID 1779, addr 0x7f933418d8e0
[2025-Jul-12 23:54:52.687 -04:00][ 1779: 1779][info ] Initialized Krisp SDK successfully
[2025-Jul-12 23:54:52.687 -04:00][ 1779: 1779][info ] Krisp SDK initialized
[2025-Jul-12 23:54:56.451 -04:00][ 1779: 1779][info ] KrispNCSetModel: model = 
[2025-Jul-13 00:02:22.049 -04:00][ 1250: 1250][info ] Logging initialized
[2025-Jul-13 00:02:22.049 -04:00][ 1250: 1250][info ] Initializing krisp SDK...
[2025-Jul-13 00:02:22.049 -04:00][ 1250: 1250][info ] DoKrispInitialize
[2025-Jul-13 00:02:22.407 -04:00][ 1250: 1250][info ] LoadDynamicKrisp
[2025-Jul-13 00:02:22.407 -04:00][ 1250: 1250][info ] Did not find KRISP_DYLIB_PATH, skipping dynamic loading
[2025-Jul-13 00:02:22.407 -04:00][ 1250: 1250][info ] Initializing Krisp SDK in PID 1250, addr 0x7f14c1b8d8e0
[2025-Jul-13 00:02:22.592 -04:00][ 1250: 1250][info ] Initialized Krisp SDK successfully
[2025-Jul-13 00:02:22.592 -04:00][ 1250: 1250][info ] Krisp SDK initialized
[2025-Jul-13 00:02:26.476 -04:00][ 1250: 1250][info ] KrispNCSetModel: model = 
[2025-Jul-13 12:11:37.923 -04:00][ 6454: 6454][info ] Logging initialized
[2025-Jul-13 12:11:37.923 -04:00][ 6454: 6454][info ] Initializing krisp SDK...
[2025-Jul-13 12:11:37.923 -04:00][ 6454: 6454][info ] DoKrispInitialize
[2025-Jul-13 12:11:38.281 -04:00][ 6454: 6454][info ] LoadDynamicKrisp
[2025-Jul-13 12:11:38.281 -04:00][ 6454: 6454][info ] Did not find KRISP_DYLIB_PATH, skipping dynamic loading
[2025-Jul-13 12:11:38.281 -04:00][ 6454: 6454][info ] Initializing Krisp SDK in PID 6454, addr 0x7f2c1498d8e0
[2025-Jul-13 12:11:38.465 -04:00][ 6454: 6454][info ] Initialized Krisp SDK successfully
[2025-Jul-13 12:11:38.465 -04:00][ 6454: 6454][info ] Krisp SDK initialized
[2025-Jul-13 12:11:42.662 -04:00][ 6454: 6454][info ] KrispNCSetModel: model = 
[2025-Jul-13 12:14:54.508 -04:00][ 1191: 1191][info ] Logging initialized
[2025-Jul-13 12:14:54.508 -04:00][ 1191: 1191][info ] Initializing krisp SDK...
[2025-Jul-13 12:14:54.508 -04:00][ 1191: 1191][info ] DoKrispInitialize
[2025-Jul-13 12:14:54.867 -04:00][ 1191: 1191][info ] LoadDynamicKrisp
[2025-Jul-13 12:14:54.867 -04:00][ 1191: 1191][info ] Did not find KRISP_DYLIB_PATH, skipping dynamic loading
[2025-Jul-13 12:14:54.867 -04:00][ 1191: 1191][info ] Initializing Krisp SDK in PID 1191, addr 0x7f237ab8d8e0
[2025-Jul-13 12:14:55.054 -04:00][ 1191: 1191][info ] Initialized Krisp SDK successfully
[2025-Jul-13 12:14:55.054 -04:00][ 1191: 1191][info ] Krisp SDK initialized
[2025-Jul-13 12:14:58.580 -04:00][ 1191: 1191][info ] KrispNCSetModel: model = 
[2025-Jul-13 12:23:48.317 -04:00][ 3662: 3662][info ] Logging initialized
[2025-Jul-13 12:23:48.317 -04:00][ 3662: 3662][info ] Initializing krisp SDK...
[2025-Jul-13 12:23:48.317 -04:00][ 3662: 3662][info ] DoKrispInitialize
[2025-Jul-13 12:23:48.654 -04:00][ 3662: 3662][info ] LoadDynamicKrisp
[2025-Jul-13 12:23:48.654 -04:00][ 3662: 3662][info ] Did not find KRISP_DYLIB_PATH, skipping dynamic loading
[2025-Jul-13 12:23:48.654 -04:00][ 3662: 3662][info ] Initializing Krisp SDK in PID 3662, addr 0x7fb0caf8d8e0
[2025-Jul-13 12:23:48.832 -04:00][ 3662: 3662][info ] Initialized Krisp SDK successfully
[2025-Jul-13 12:23:48.832 -04:00][ 3662: 3662][info ] Krisp SDK initialized
[2025-Jul-13 12:23:52.290 -04:00][ 3662: 3662][info ] KrispNCSetModel: model = 
[2025-Jul-13 20:44:03.425 -04:00][ 2842: 2842][info ] Logging initialized
[2025-Jul-13 20:44:03.425 -04:00][ 2842: 2842][info ] Initializing krisp SDK...
[2025-Jul-13 20:44:03.425 -04:00][ 2842: 2842][info ] DoKrispInitialize
[2025-Jul-13 20:44:03.781 -04:00][ 2842: 2842][info ] LoadDynamicKrisp
[2025-Jul-13 20:44:03.781 -04:00][ 2842: 2842][info ] Did not find KRISP_DYLIB_PATH, skipping dynamic loading
[2025-Jul-13 20:44:03.781 -04:00][ 2842: 2842][info ] Initializing Krisp SDK in PID 2842, addr 0x7fb97078d8e0
[2025-Jul-13 20:44:03.965 -04:00][ 2842: 2842][info ] Initialized Krisp SDK successfully
[2025-Jul-13 20:44:03.965 -04:00][ 2842: 2842][info ] Krisp SDK initialized
[2025-Jul-13 20:44:07.895 -04:00][ 2842: 2842][info ] KrispNCSetModel: model = 
[2025-Jul-13 23:43:08.480 -04:00][ 2084: 2084][info ] Logging initialized
[2025-Jul-13 23:43:08.480 -04:00][ 2084: 2084][info ] Initializing krisp SDK...
[2025-Jul-13 23:43:08.480 -04:00][ 2084: 2084][info ] DoKrispInitialize
[2025-Jul-13 23:43:08.836 -04:00][ 2084: 2084][info ] LoadDynamicKrisp
[2025-Jul-13 23:43:08.836 -04:00][ 2084: 2084][info ] Did not find KRISP_DYLIB_PATH, skipping dynamic loading
[2025-Jul-13 23:43:08.836 -04:00][ 2084: 2084][info ] Initializing Krisp SDK in PID 2084, addr 0x7f803c78d8e0
[2025-Jul-13 23:43:09.021 -04:00][ 2084: 2084][info ] Initialized Krisp SDK successfully
[2025-Jul-13 23:43:09.021 -04:00][ 2084: 2084][info ] Krisp SDK initialized
[2025-Jul-13 23:43:12.986 -04:00][ 2084: 2084][info ] KrispNCSetModel: model = 
[2025-Jul-14 01:30:25.429 -04:00][19819:19819][info ] Logging initialized
[2025-Jul-14 01:30:25.429 -04:00][19819:19819][info ] Initializing krisp SDK...
[2025-Jul-14 01:30:25.429 -04:00][19819:19819][info ] DoKrispInitialize
[2025-Jul-14 01:30:25.766 -04:00][19819:19819][info ] LoadDynamicKrisp
[2025-Jul-14 01:30:25.766 -04:00][19819:19819][info ] Did not find KRISP_DYLIB_PATH, skipping dynamic loading
[2025-Jul-14 01:30:25.766 -04:00][19819:19819][info ] Initializing Krisp SDK in PID 19819, addr 0x7de33418d8e0
[2025-Jul-14 01:30:25.943 -04:00][19819:19819][info ] Initialized Krisp SDK successfully
[2025-Jul-14 01:30:25.943 -04:00][19819:19819][info ] Krisp SDK initialized
[2025-Jul-14 01:30:29.801 -04:00][19819:19819][info ] KrispNCSetModel: model = 
[2025-Jul-14 11:16:24.654 -04:00][ 1248: 1248][info ] Logging initialized
[2025-Jul-14 11:16:24.654 -04:00][ 1248: 1248][info ] Initializing krisp SDK...
[2025-Jul-14 11:16:24.654 -04:00][ 1248: 1248][info ] DoKrispInitialize
[2025-Jul-14 11:16:25.010 -04:00][ 1248: 1248][info ] LoadDynamicKrisp
[2025-Jul-14 11:16:25.010 -04:00][ 1248: 1248][info ] Did not find KRISP_DYLIB_PATH, skipping dynamic loading
[2025-Jul-14 11:16:25.010 -04:00][ 1248: 1248][info ] Initializing Krisp SDK in PID 1248, addr 0x7efee058d8e0
[2025-Jul-14 11:16:25.195 -04:00][ 1248: 1248][info ] Initialized Krisp SDK successfully
[2025-Jul-14 11:16:25.195 -04:00][ 1248: 1248][info ] Krisp SDK initialized
[2025-Jul-14 11:16:29.060 -04:00][ 1248: 1248][info ] KrispNCSetModel: model = 
[2025-Jul-14 12:41:49.252 -04:00][ 2811: 2811][info ] Logging initialized
[2025-Jul-14 12:41:49.252 -04:00][ 2811: 2811][info ] Initializing krisp SDK...
[2025-Jul-14 12:41:49.252 -04:00][ 2811: 2811][info ] DoKrispInitialize
[2025-Jul-14 12:41:49.609 -04:00][ 2811: 2811][info ] LoadDynamicKrisp
[2025-Jul-14 12:41:49.609 -04:00][ 2811: 2811][info ] Did not find KRISP_DYLIB_PATH, skipping dynamic loading
[2025-Jul-14 12:41:49.609 -04:00][ 2811: 2811][info ] Initializing Krisp SDK in PID 2811, addr 0x7f030458d8e0
[2025-Jul-14 12:41:49.793 -04:00][ 2811: 2811][info ] Initialized Krisp SDK successfully
[2025-Jul-14 12:41:49.793 -04:00][ 2811: 2811][info ] Krisp SDK initialized
[2025-Jul-14 12:41:53.514 -04:00][ 2811: 2811][info ] KrispNCSetModel: model = 
[2025-Jul-14 14:29:23.239 -04:00][ 1708: 1708][info ] Logging initialized
[2025-Jul-14 14:29:23.239 -04:00][ 1708: 1708][info ] Initializing krisp SDK...
[2025-Jul-14 14:29:23.239 -04:00][ 1708: 1708][info ] DoKrispInitialize
[2025-Jul-14 14:29:23.595 -04:00][ 1708: 1708][info ] LoadDynamicKrisp
[2025-Jul-14 14:29:23.595 -04:00][ 1708: 1708][info ] Did not find KRISP_DYLIB_PATH, skipping dynamic loading
[2025-Jul-14 14:29:23.595 -04:00][ 1708: 1708][info ] Initializing Krisp SDK in PID 1708, addr 0x7f3a9038d8e0
[2025-Jul-14 14:29:23.779 -04:00][ 1708: 1708][info ] Initialized Krisp SDK successfully
[2025-Jul-14 14:29:23.779 -04:00][ 1708: 1708][info ] Krisp SDK initialized
[2025-Jul-14 14:29:27.440 -04:00][ 1708: 1708][info ] KrispNCSetModel: model = 
[2025-Jul-14 19:48:37.341 -04:00][63712:63712][info ] Logging initialized
[2025-Jul-14 19:48:37.341 -04:00][63712:63712][info ] Initializing krisp SDK...
[2025-Jul-14 19:48:37.341 -04:00][63712:63712][info ] DoKrispInitialize
[2025-Jul-14 19:48:37.686 -04:00][63712:63712][info ] LoadDynamicKrisp
[2025-Jul-14 19:48:37.686 -04:00][63712:63712][info ] Did not find KRISP_DYLIB_PATH, skipping dynamic loading
[2025-Jul-14 19:48:37.686 -04:00][63712:63712][info ] Initializing Krisp SDK in PID 63712, addr 0x7f12aef8dc20
[2025-Jul-14 19:48:37.864 -04:00][63712:63712][info ] Initialized Krisp SDK successfully
[2025-Jul-14 19:48:37.864 -04:00][63712:63712][info ] Krisp SDK initialized
[2025-Jul-14 19:48:38.395 -04:00][63712:63712][info ] KrispNCSetModel: model = 
[2025-Jul-14 21:57:37.723 -04:00][ 3249: 3249][info ] Logging initialized
[2025-Jul-14 21:57:37.723 -04:00][ 3249: 3249][info ] Initializing krisp SDK...
[2025-Jul-14 21:57:37.723 -04:00][ 3249: 3249][info ] DoKrispInitialize
[2025-Jul-14 21:57:38.069 -04:00][ 3249: 3249][info ] LoadDynamicKrisp
[2025-Jul-14 21:57:38.069 -04:00][ 3249: 3249][info ] Did not find KRISP_DYLIB_PATH, skipping dynamic loading
[2025-Jul-14 21:57:38.069 -04:00][ 3249: 3249][info ] Initializing Krisp SDK in PID 3249, addr 0x7e64b638dc20
[2025-Jul-14 21:57:38.250 -04:00][ 3249: 3249][info ] Initialized Krisp SDK successfully
[2025-Jul-14 21:57:38.250 -04:00][ 3249: 3249][info ] Krisp SDK initialized
[2025-Jul-14 21:57:42.084 -04:00][ 3249: 3249][info ] KrispNCSetModel: model = 
[2025-Jul-15 00:07:53.435 -04:00][ 2618: 2618][info ] Logging initialized
[2025-Jul-15 00:07:53.435 -04:00][ 2618: 2618][info ] Initializing krisp SDK...
[2025-Jul-15 00:07:53.435 -04:00][ 2618: 2618][info ] DoKrispInitialize
[2025-Jul-15 00:07:53.782 -04:00][ 2618: 2618][info ] LoadDynamicKrisp
[2025-Jul-15 00:07:53.782 -04:00][ 2618: 2618][info ] Did not find KRISP_DYLIB_PATH, skipping dynamic loading
[2025-Jul-15 00:07:53.782 -04:00][ 2618: 2618][info ] Initializing Krisp SDK in PID 2618, addr 0x7f4989b8dc20
[2025-Jul-15 00:07:53.964 -04:00][ 2618: 2618][info ] Initialized Krisp SDK successfully
[2025-Jul-15 00:07:53.964 -04:00][ 2618: 2618][info ] Krisp SDK initialized
[2025-Jul-15 00:07:57.759 -04:00][ 2618: 2618][info ] KrispNCSetModel: model = 
[2025-Jul-15 12:37:39.420 -04:00][ 1618: 1618][info ] Logging initialized
[2025-Jul-15 12:37:39.420 -04:00][ 1618: 1618][info ] Initializing krisp SDK...
[2025-Jul-15 12:37:39.420 -04:00][ 1618: 1618][info ] DoKrispInitialize
[2025-Jul-15 12:37:39.899 -04:00][ 1618: 1618][info ] LoadDynamicKrisp
[2025-Jul-15 12:37:39.899 -04:00][ 1618: 1618][info ] Did not find KRISP_DYLIB_PATH, skipping dynamic loading
[2025-Jul-15 12:37:39.899 -04:00][ 1618: 1618][info ] Initializing Krisp SDK in PID 1618, addr 0x7f5441f8dc20
[2025-Jul-15 12:37:40.156 -04:00][ 1618: 1618][info ] Initialized Krisp SDK successfully
[2025-Jul-15 12:37:40.156 -04:00][ 1618: 1618][info ] Krisp SDK initialized
[2025-Jul-15 12:37:44.116 -04:00][ 1618: 1618][info ] KrispNCSetModel: model = 
[2025-Jul-15 16:01:33.333 -04:00][ 2767: 2767][info ] Logging initialized
[2025-Jul-15 16:01:33.333 -04:00][ 2767: 2767][info ] Initializing krisp SDK...
[2025-Jul-15 16:01:33.333 -04:00][ 2767: 2767][info ] DoKrispInitialize
[2025-Jul-15 16:01:33.680 -04:00][ 2767: 2767][info ] LoadDynamicKrisp
[2025-Jul-15 16:01:33.680 -04:00][ 2767: 2767][info ] Did not find KRISP_DYLIB_PATH, skipping dynamic loading
[2025-Jul-15 16:01:33.680 -04:00][ 2767: 2767][info ] Initializing Krisp SDK in PID 2767, addr 0x7f3da918dc20
[2025-Jul-15 16:01:33.861 -04:00][ 2767: 2767][info ] Initialized Krisp SDK successfully
[2025-Jul-15 16:01:33.861 -04:00][ 2767: 2767][info ] Krisp SDK initialized
[2025-Jul-15 16:01:37.793 -04:00][ 2767: 2767][info ] KrispNCSetModel: model = 
[2025-Jul-15 21:19:24.197 -04:00][ 2054: 2054][info ] Logging initialized
[2025-Jul-15 21:19:24.197 -04:00][ 2054: 2054][info ] Initializing krisp SDK...
[2025-Jul-15 21:19:24.197 -04:00][ 2054: 2054][info ] DoKrispInitialize
[2025-Jul-15 21:19:24.553 -04:00][ 2054: 2054][info ] LoadDynamicKrisp
[2025-Jul-15 21:19:24.553 -04:00][ 2054: 2054][info ] Did not find KRISP_DYLIB_PATH, skipping dynamic loading
[2025-Jul-15 21:19:24.553 -04:00][ 2054: 2054][info ] Initializing Krisp SDK in PID 2054, addr 0x7fd4a0b8dc20
[2025-Jul-15 21:19:24.735 -04:00][ 2054: 2054][info ] Initialized Krisp SDK successfully
[2025-Jul-15 21:19:24.735 -04:00][ 2054: 2054][info ] Krisp SDK initialized
[2025-Jul-15 21:19:29.012 -04:00][ 2054: 2054][info ] KrispNCSetModel: model = 
[2025-Jul-15 21:42:21.821 -04:00][ 3486: 3486][info ] Logging initialized
[2025-Jul-15 21:42:21.821 -04:00][ 3486: 3486][info ] Initializing krisp SDK...
[2025-Jul-15 21:42:21.821 -04:00][ 3486: 3486][info ] DoKrispInitialize
[2025-Jul-15 21:42:22.158 -04:00][ 3486: 3486][info ] LoadDynamicKrisp
[2025-Jul-15 21:42:22.158 -04:00][ 3486: 3486][info ] Did not find KRISP_DYLIB_PATH, skipping dynamic loading
[2025-Jul-15 21:42:22.158 -04:00][ 3486: 3486][info ] Initializing Krisp SDK in PID 3486, addr 0x7f62f4f8dc20
[2025-Jul-15 21:42:22.336 -04:00][ 3486: 3486][info ] Initialized Krisp SDK successfully
[2025-Jul-15 21:42:22.336 -04:00][ 3486: 3486][info ] Krisp SDK initialized
[2025-Jul-15 21:42:26.230 -04:00][ 3486: 3486][info ] KrispNCSetModel: model = 
[2025-Jul-15 23:52:22.759 -04:00][ 3420: 3420][info ] Logging initialized
[2025-Jul-15 23:52:22.759 -04:00][ 3420: 3420][info ] Initializing krisp SDK...
[2025-Jul-15 23:52:22.759 -04:00][ 3420: 3420][info ] DoKrispInitialize
[2025-Jul-15 23:52:23.107 -04:00][ 3420: 3420][info ] LoadDynamicKrisp
[2025-Jul-15 23:52:23.107 -04:00][ 3420: 3420][info ] Did not find KRISP_DYLIB_PATH, skipping dynamic loading
[2025-Jul-15 23:52:23.107 -04:00][ 3420: 3420][info ] Initializing Krisp SDK in PID 3420, addr 0x7f600e98dc20
[2025-Jul-15 23:52:23.290 -04:00][ 3420: 3420][info ] Initialized Krisp SDK successfully
[2025-Jul-15 23:52:23.290 -04:00][ 3420: 3420][info ] Krisp SDK initialized
[2025-Jul-15 23:52:27.172 -04:00][ 3420: 3420][info ] KrispNCSetModel: model = 
[2025-Jul-16 00:05:18.738 -04:00][ 4000: 4000][info ] Logging initialized
[2025-Jul-16 00:05:18.738 -04:00][ 4000: 4000][info ] Initializing krisp SDK...
[2025-Jul-16 00:05:18.738 -04:00][ 4000: 4000][info ] DoKrispInitialize
[2025-Jul-16 00:05:19.077 -04:00][ 4000: 4000][info ] LoadDynamicKrisp
[2025-Jul-16 00:05:19.077 -04:00][ 4000: 4000][info ] Did not find KRISP_DYLIB_PATH, skipping dynamic loading
[2025-Jul-16 00:05:19.077 -04:00][ 4000: 4000][info ] Initializing Krisp SDK in PID 4000, addr 0x7fbfff98dc20
[2025-Jul-16 00:05:19.255 -04:00][ 4000: 4000][info ] Initialized Krisp SDK successfully
[2025-Jul-16 00:05:19.255 -04:00][ 4000: 4000][info ] Krisp SDK initialized
[2025-Jul-16 00:05:22.676 -04:00][ 4000: 4000][info ] KrispNCSetModel: model = 
[2025-Jul-16 00:31:04.556 -04:00][ 5499: 5499][info ] Logging initialized
[2025-Jul-16 00:31:04.556 -04:00][ 5499: 5499][info ] Initializing krisp SDK...
[2025-Jul-16 00:31:04.556 -04:00][ 5499: 5499][info ] DoKrispInitialize
[2025-Jul-16 00:31:04.893 -04:00][ 5499: 5499][info ] LoadDynamicKrisp
[2025-Jul-16 00:31:04.893 -04:00][ 5499: 5499][info ] Did not find KRISP_DYLIB_PATH, skipping dynamic loading
[2025-Jul-16 00:31:04.893 -04:00][ 5499: 5499][info ] Initializing Krisp SDK in PID 5499, addr 0x7f1cda18dc20
[2025-Jul-16 00:31:05.069 -04:00][ 5499: 5499][info ] Initialized Krisp SDK successfully
[2025-Jul-16 00:31:05.069 -04:00][ 5499: 5499][info ] Krisp SDK initialized
[2025-Jul-16 00:31:08.934 -04:00][ 5499: 5499][info ] KrispNCSetModel: model = 
[2025-Jul-16 11:17:17.390 -04:00][ 1620: 1620][info ] Logging initialized
[2025-Jul-16 11:17:17.390 -04:00][ 1620: 1620][info ] Initializing krisp SDK...
[2025-Jul-16 11:17:17.390 -04:00][ 1620: 1620][info ] DoKrispInitialize
[2025-Jul-16 11:17:17.737 -04:00][ 1620: 1620][info ] LoadDynamicKrisp
[2025-Jul-16 11:17:17.737 -04:00][ 1620: 1620][info ] Did not find KRISP_DYLIB_PATH, skipping dynamic loading
[2025-Jul-16 11:17:17.737 -04:00][ 1620: 1620][info ] Initializing Krisp SDK in PID 1620, addr 0x7fe981b8dc20
[2025-Jul-16 11:17:17.918 -04:00][ 1620: 1620][info ] Initialized Krisp SDK successfully
[2025-Jul-16 11:17:17.918 -04:00][ 1620: 1620][info ] Krisp SDK initialized
[2025-Jul-16 11:17:21.896 -04:00][ 1620: 1620][info ] KrispNCSetModel: model = 
[2025-Jul-16 12:22:50.830 -04:00][15669:15669][info ] Logging initialized
[2025-Jul-16 12:22:50.830 -04:00][15669:15669][info ] Initializing krisp SDK...
[2025-Jul-16 12:22:50.830 -04:00][15669:15669][info ] DoKrispInitialize
[2025-Jul-16 12:22:51.166 -04:00][15669:15669][info ] LoadDynamicKrisp
[2025-Jul-16 12:22:51.166 -04:00][15669:15669][info ] Did not find KRISP_DYLIB_PATH, skipping dynamic loading
[2025-Jul-16 12:22:51.166 -04:00][15669:15669][info ] Initializing Krisp SDK in PID 15669, addr 0x7f390218dc20
[2025-Jul-16 12:22:51.342 -04:00][15669:15669][info ] Initialized Krisp SDK successfully
[2025-Jul-16 12:22:51.342 -04:00][15669:15669][info ] Krisp SDK initialized
[2025-Jul-16 12:22:55.610 -04:00][15669:15669][info ] KrispNCSetModel: model = 
[2025-Jul-17 08:16:58.207 -04:00][ 7943: 7943][info ] Logging initialized
[2025-Jul-17 08:16:58.207 -04:00][ 7943: 7943][info ] Initializing krisp SDK...
[2025-Jul-17 08:16:58.207 -04:00][ 7943: 7943][info ] DoKrispInitialize
[2025-Jul-17 08:16:58.554 -04:00][ 7943: 7943][info ] LoadDynamicKrisp
[2025-Jul-17 08:16:58.554 -04:00][ 7943: 7943][info ] Did not find KRISP_DYLIB_PATH, skipping dynamic loading
[2025-Jul-17 08:16:58.554 -04:00][ 7943: 7943][info ] Initializing Krisp SDK in PID 7943, addr 0x7f193c18dc20
[2025-Jul-17 08:16:58.735 -04:00][ 7943: 7943][info ] Initialized Krisp SDK successfully
[2025-Jul-17 08:16:58.735 -04:00][ 7943: 7943][info ] Krisp SDK initialized
[2025-Jul-17 08:17:02.493 -04:00][ 7943: 7943][info ] KrispNCSetModel: model = 
[2025-Jul-17 09:39:16.850 -04:00][16524:16524][info ] Logging initialized
[2025-Jul-17 09:39:16.850 -04:00][16524:16524][info ] Initializing krisp SDK...
[2025-Jul-17 09:39:16.850 -04:00][16524:16524][info ] DoKrispInitialize
[2025-Jul-17 09:39:17.187 -04:00][16524:16524][info ] LoadDynamicKrisp
[2025-Jul-17 09:39:17.187 -04:00][16524:16524][info ] Did not find KRISP_DYLIB_PATH, skipping dynamic loading
[2025-Jul-17 09:39:17.187 -04:00][16524:16524][info ] Initializing Krisp SDK in PID 16524, addr 0x7f38c238dc20
[2025-Jul-17 09:39:17.369 -04:00][16524:16524][info ] Initialized Krisp SDK successfully
[2025-Jul-17 09:39:17.369 -04:00][16524:16524][info ] Krisp SDK initialized
[2025-Jul-17 09:39:21.149 -04:00][16524:16524][info ] KrispNCSetModel: model = 
[2025-Jul-18 19:34:34.696 -04:00][ 4200: 4200][info ] Logging initialized
[2025-Jul-18 19:34:34.696 -04:00][ 4200: 4200][info ] Initializing krisp SDK...
[2025-Jul-18 19:34:34.696 -04:00][ 4200: 4200][info ] DoKrispInitialize
[2025-Jul-18 19:34:35.044 -04:00][ 4200: 4200][info ] LoadDynamicKrisp
[2025-Jul-18 19:34:35.044 -04:00][ 4200: 4200][info ] Did not find KRISP_DYLIB_PATH, skipping dynamic loading
[2025-Jul-18 19:34:35.044 -04:00][ 4200: 4200][info ] Initializing Krisp SDK in PID 4200, addr 0x7f0ce518dc20
[2025-Jul-18 19:34:35.226 -04:00][ 4200: 4200][info ] Initialized Krisp SDK successfully
[2025-Jul-18 19:34:35.226 -04:00][ 4200: 4200][info ] Krisp SDK initialized
[2025-Jul-18 19:34:38.962 -04:00][ 4200: 4200][info ] KrispNCSetModel: model = 
[2025-Jul-18 23:04:52.739 -04:00][ 6419: 6419][info ] Logging initialized
[2025-Jul-18 23:04:52.739 -04:00][ 6419: 6419][info ] Initializing krisp SDK...
[2025-Jul-18 23:04:52.739 -04:00][ 6419: 6419][info ] DoKrispInitialize
[2025-Jul-18 23:04:53.087 -04:00][ 6419: 6419][info ] LoadDynamicKrisp
[2025-Jul-18 23:04:53.087 -04:00][ 6419: 6419][info ] Did not find KRISP_DYLIB_PATH, skipping dynamic loading
[2025-Jul-18 23:04:53.087 -04:00][ 6419: 6419][info ] Initializing Krisp SDK in PID 6419, addr 0x7f784e78dc20
[2025-Jul-18 23:04:53.269 -04:00][ 6419: 6419][info ] Initialized Krisp SDK successfully
[2025-Jul-18 23:04:53.269 -04:00][ 6419: 6419][info ] Krisp SDK initialized
[2025-Jul-18 23:04:56.959 -04:00][ 6419: 6419][info ] KrispNCSetModel: model = 
[2025-Jul-19 12:54:57.418 -04:00][ 7851: 7851][info ] Logging initialized
[2025-Jul-19 12:54:57.418 -04:00][ 7851: 7851][info ] Initializing krisp SDK...
[2025-Jul-19 12:54:57.418 -04:00][ 7851: 7851][info ] DoKrispInitialize
[2025-Jul-19 12:54:57.765 -04:00][ 7851: 7851][info ] LoadDynamicKrisp
[2025-Jul-19 12:54:57.765 -04:00][ 7851: 7851][info ] Did not find KRISP_DYLIB_PATH, skipping dynamic loading
[2025-Jul-19 12:54:57.766 -04:00][ 7851: 7851][info ] Initializing Krisp SDK in PID 7851, addr 0x7facacd8dc20
[2025-Jul-19 12:54:57.947 -04:00][ 7851: 7851][info ] Initialized Krisp SDK successfully
[2025-Jul-19 12:54:57.947 -04:00][ 7851: 7851][info ] Krisp SDK initialized
[2025-Jul-19 12:55:02.398 -04:00][ 7851: 7851][info ] KrispNCSetModel: model = 
[2025-Jul-19 13:36:07.160 -04:00][15656:15656][info ] Logging initialized
[2025-Jul-19 13:36:07.160 -04:00][15656:15656][info ] Initializing krisp SDK...
[2025-Jul-19 13:36:07.160 -04:00][15656:15656][info ] DoKrispInitialize
[2025-Jul-19 13:36:07.497 -04:00][15656:15656][info ] LoadDynamicKrisp
[2025-Jul-19 13:36:07.497 -04:00][15656:15656][info ] Did not find KRISP_DYLIB_PATH, skipping dynamic loading
[2025-Jul-19 13:36:07.497 -04:00][15656:15656][info ] Initializing Krisp SDK in PID 15656, addr 0x7fad3b98dc20
[2025-Jul-19 13:36:07.673 -04:00][15656:15656][info ] Initialized Krisp SDK successfully
[2025-Jul-19 13:36:07.673 -04:00][15656:15656][info ] Krisp SDK initialized
[2025-Jul-19 13:36:12.026 -04:00][15656:15656][info ] KrispNCSetModel: model = 
[2025-Jul-19 14:33:54.068 -04:00][23234:23234][info ] Logging initialized
[2025-Jul-19 14:33:54.068 -04:00][23234:23234][info ] Initializing krisp SDK...
[2025-Jul-19 14:33:54.068 -04:00][23234:23234][info ] DoKrispInitialize
[2025-Jul-19 14:33:54.408 -04:00][23234:23234][info ] LoadDynamicKrisp
[2025-Jul-19 14:33:54.408 -04:00][23234:23234][info ] Did not find KRISP_DYLIB_PATH, skipping dynamic loading
[2025-Jul-19 14:33:54.408 -04:00][23234:23234][info ] Initializing Krisp SDK in PID 23234, addr 0x7f966c18dc20
[2025-Jul-19 14:33:54.585 -04:00][23234:23234][info ] Initialized Krisp SDK successfully
[2025-Jul-19 14:33:54.585 -04:00][23234:23234][info ] Krisp SDK initialized
[2025-Jul-19 14:33:59.466 -04:00][23234:23234][info ] KrispNCSetModel: model = 
[2025-Jul-19 17:00:33.847 -04:00][ 1194: 1194][info ] Logging initialized
[2025-Jul-19 17:00:33.847 -04:00][ 1194: 1194][info ] Initializing krisp SDK...
[2025-Jul-19 17:00:33.847 -04:00][ 1194: 1194][info ] DoKrispInitialize
[2025-Jul-19 17:00:34.193 -04:00][ 1194: 1194][info ] LoadDynamicKrisp
[2025-Jul-19 17:00:34.194 -04:00][ 1194: 1194][info ] Did not find KRISP_DYLIB_PATH, skipping dynamic loading
[2025-Jul-19 17:00:34.194 -04:00][ 1194: 1194][info ] Initializing Krisp SDK in PID 1194, addr 0x7f204438dc20
[2025-Jul-19 17:00:34.375 -04:00][ 1194: 1194][info ] Initialized Krisp SDK successfully
[2025-Jul-19 17:00:34.375 -04:00][ 1194: 1194][info ] Krisp SDK initialized
[2025-Jul-19 17:00:38.194 -04:00][ 1194: 1194][info ] KrispNCSetModel: model = 
[2025-Jul-19 17:04:17.625 -04:00][ 1568: 1568][info ] Logging initialized
[2025-Jul-19 17:04:17.625 -04:00][ 1568: 1568][info ] Initializing krisp SDK...
[2025-Jul-19 17:04:17.625 -04:00][ 1568: 1568][info ] DoKrispInitialize
[2025-Jul-19 17:04:17.960 -04:00][ 1568: 1568][info ] LoadDynamicKrisp
[2025-Jul-19 17:04:17.960 -04:00][ 1568: 1568][info ] Did not find KRISP_DYLIB_PATH, skipping dynamic loading
[2025-Jul-19 17:04:17.960 -04:00][ 1568: 1568][info ] Initializing Krisp SDK in PID 1568, addr 0x7f4061d8dc20
[2025-Jul-19 17:04:18.136 -04:00][ 1568: 1568][info ] Initialized Krisp SDK successfully
[2025-Jul-19 17:04:18.136 -04:00][ 1568: 1568][info ] Krisp SDK initialized
[2025-Jul-19 17:04:21.598 -04:00][ 1568: 1568][info ] KrispNCSetModel: model = 
[2025-Jul-21 13:33:42.714 -04:00][ 6441: 6441][info ] Logging initialized
[2025-Jul-21 13:33:42.714 -04:00][ 6441: 6441][info ] Initializing krisp SDK...
[2025-Jul-21 13:33:42.714 -04:00][ 6441: 6441][info ] DoKrispInitialize
[2025-Jul-21 13:33:43.065 -04:00][ 6441: 6441][info ] LoadDynamicKrisp
[2025-Jul-21 13:33:43.065 -04:00][ 6441: 6441][info ] Did not find KRISP_DYLIB_PATH, skipping dynamic loading
[2025-Jul-21 13:33:43.065 -04:00][ 6441: 6441][info ] Initializing Krisp SDK in PID 6441, addr 0x7f600ad8dc20
[2025-Jul-21 13:33:43.246 -04:00][ 6441: 6441][info ] Initialized Krisp SDK successfully
[2025-Jul-21 13:33:43.246 -04:00][ 6441: 6441][info ] Krisp SDK initialized
[2025-Jul-21 13:33:47.054 -04:00][ 6441: 6441][info ] KrispNCSetModel: model = 
[2025-Jul-22 12:47:38.704 -04:00][11268:11268][info ] Logging initialized
[2025-Jul-22 12:47:38.704 -04:00][11268:11268][info ] Initializing krisp SDK...
[2025-Jul-22 12:47:38.704 -04:00][11268:11268][info ] DoKrispInitialize
[2025-Jul-22 12:47:39.053 -04:00][11268:11268][info ] LoadDynamicKrisp
[2025-Jul-22 12:47:39.053 -04:00][11268:11268][info ] Did not find KRISP_DYLIB_PATH, skipping dynamic loading
[2025-Jul-22 12:47:39.053 -04:00][11268:11268][info ] Initializing Krisp SDK in PID 11268, addr 0x7fe00fd8dc20
[2025-Jul-22 12:47:39.233 -04:00][11268:11268][info ] Initialized Krisp SDK successfully
[2025-Jul-22 12:47:39.233 -04:00][11268:11268][info ] Krisp SDK initialized
[2025-Jul-22 12:47:43.249 -04:00][11268:11268][info ] KrispNCSetModel: model = 
[2025-Jul-23 12:29:18.945 -04:00][ 2726: 2726][info ] Logging initialized
[2025-Jul-23 12:29:18.945 -04:00][ 2726: 2726][info ] Initializing krisp SDK...
[2025-Jul-23 12:29:18.945 -04:00][ 2726: 2726][info ] DoKrispInitialize
[2025-Jul-23 12:29:19.292 -04:00][ 2726: 2726][info ] LoadDynamicKrisp
[2025-Jul-23 12:29:19.292 -04:00][ 2726: 2726][info ] Did not find KRISP_DYLIB_PATH, skipping dynamic loading
[2025-Jul-23 12:29:19.292 -04:00][ 2726: 2726][info ] Initializing Krisp SDK in PID 2726, addr 0x7f8337d8dc20
[2025-Jul-23 12:29:19.474 -04:00][ 2726: 2726][info ] Initialized Krisp SDK successfully
[2025-Jul-23 12:29:19.474 -04:00][ 2726: 2726][info ] Krisp SDK initialized
[2025-Jul-23 12:29:23.413 -04:00][ 2726: 2726][info ] KrispNCSetModel: model = 
[2025-Jul-24 17:58:50.056 -04:00][ 1217: 1217][info ] Logging initialized
[2025-Jul-24 17:58:50.056 -04:00][ 1217: 1217][info ] Initializing krisp SDK...
[2025-Jul-24 17:58:50.056 -04:00][ 1217: 1217][info ] DoKrispInitialize
[2025-Jul-24 17:58:50.403 -04:00][ 1217: 1217][info ] LoadDynamicKrisp
[2025-Jul-24 17:58:50.403 -04:00][ 1217: 1217][info ] Did not find KRISP_DYLIB_PATH, skipping dynamic loading
[2025-Jul-24 17:58:50.403 -04:00][ 1217: 1217][info ] Initializing Krisp SDK in PID 1217, addr 0x7f746438dc20
[2025-Jul-24 17:58:50.584 -04:00][ 1217: 1217][info ] Initialized Krisp SDK successfully
[2025-Jul-24 17:58:50.584 -04:00][ 1217: 1217][info ] Krisp SDK initialized
[2025-Jul-24 19:04:46.627 -04:00][ 6280: 6280][info ] Logging initialized
[2025-Jul-24 19:04:46.627 -04:00][ 6280: 6280][info ] Initializing krisp SDK...
[2025-Jul-24 19:04:46.627 -04:00][ 6280: 6280][info ] DoKrispInitialize
[2025-Jul-24 19:04:46.963 -04:00][ 6280: 6280][info ] LoadDynamicKrisp
[2025-Jul-24 19:04:46.963 -04:00][ 6280: 6280][info ] Did not find KRISP_DYLIB_PATH, skipping dynamic loading
[2025-Jul-24 19:04:46.963 -04:00][ 6280: 6280][info ] Initializing Krisp SDK in PID 6280, addr 0x7f9ff1d8dc20
[2025-Jul-24 19:04:47.140 -04:00][ 6280: 6280][info ] Initialized Krisp SDK successfully
[2025-Jul-24 19:04:47.140 -04:00][ 6280: 6280][info ] Krisp SDK initialized
[2025-Jul-25 02:34:20.474 -04:00][ 2165: 2165][info ] Logging initialized
[2025-Jul-25 02:34:20.474 -04:00][ 2165: 2165][info ] Initializing krisp SDK...
[2025-Jul-25 02:34:20.474 -04:00][ 2165: 2165][info ] DoKrispInitialize
[2025-Jul-25 02:34:20.822 -04:00][ 2165: 2165][info ] LoadDynamicKrisp
[2025-Jul-25 02:34:20.822 -04:00][ 2165: 2165][info ] Did not find KRISP_DYLIB_PATH, skipping dynamic loading
[2025-Jul-25 02:34:20.822 -04:00][ 2165: 2165][info ] Initializing Krisp SDK in PID 2165, addr 0x7f01a278dc20
[2025-Jul-25 02:34:21.004 -04:00][ 2165: 2165][info ] Initialized Krisp SDK successfully
[2025-Jul-25 02:34:21.004 -04:00][ 2165: 2165][info ] Krisp SDK initialized
[2025-Jul-25 03:19:01.593 -04:00][ 3133: 3133][info ] Logging initialized
[2025-Jul-25 03:19:01.593 -04:00][ 3133: 3133][info ] Initializing krisp SDK...
[2025-Jul-25 03:19:01.593 -04:00][ 3133: 3133][info ] DoKrispInitialize
[2025-Jul-25 03:19:01.945 -04:00][ 3133: 3133][info ] LoadDynamicKrisp
[2025-Jul-25 03:19:01.945 -04:00][ 3133: 3133][info ] Did not find KRISP_DYLIB_PATH, skipping dynamic loading
[2025-Jul-25 03:19:01.945 -04:00][ 3133: 3133][info ] Initializing Krisp SDK in PID 3133, addr 0x7f65c5f8dc20
[2025-Jul-25 03:19:02.127 -04:00][ 3133: 3133][info ] Initialized Krisp SDK successfully
[2025-Jul-25 03:19:02.127 -04:00][ 3133: 3133][info ] Krisp SDK initialized
[2025-Jul-25 12:02:13.422 -04:00][13778:13778][info ] Logging initialized
[2025-Jul-25 12:02:13.422 -04:00][13778:13778][info ] Initializing krisp SDK...
[2025-Jul-25 12:02:13.422 -04:00][13778:13778][info ] DoKrispInitialize
[2025-Jul-25 12:02:13.773 -04:00][13778:13778][info ] LoadDynamicKrisp
[2025-Jul-25 12:02:13.773 -04:00][13778:13778][info ] Did not find KRISP_DYLIB_PATH, skipping dynamic loading
[2025-Jul-25 12:02:13.773 -04:00][13778:13778][info ] Initializing Krisp SDK in PID 13778, addr 0x7f428d38dc20
[2025-Jul-25 12:02:13.956 -04:00][13778:13778][info ] Initialized Krisp SDK successfully
[2025-Jul-25 12:02:13.956 -04:00][13778:13778][info ] Krisp SDK initialized
[2025-Jul-25 22:23:27.543 -04:00][ 5589: 5589][info ] Logging initialized
[2025-Jul-25 22:23:27.543 -04:00][ 5589: 5589][info ] Initializing krisp SDK...
[2025-Jul-25 22:23:27.543 -04:00][ 5589: 5589][info ] DoKrispInitialize
[2025-Jul-25 22:23:27.895 -04:00][ 5589: 5589][info ] LoadDynamicKrisp
[2025-Jul-25 22:23:27.895 -04:00][ 5589: 5589][info ] Did not find KRISP_DYLIB_PATH, skipping dynamic loading
[2025-Jul-25 22:23:27.895 -04:00][ 5589: 5589][info ] Initializing Krisp SDK in PID 5589, addr 0x7f17f978dc20
[2025-Jul-25 22:23:28.078 -04:00][ 5589: 5589][info ] Initialized Krisp SDK successfully
[2025-Jul-25 22:23:28.078 -04:00][ 5589: 5589][info ] Krisp SDK initialized
[2025-Jul-26 16:40:05.920 -04:00][ 5213: 5213][info ] Logging initialized
[2025-Jul-26 16:40:05.920 -04:00][ 5213: 5213][info ] Initializing krisp SDK...
[2025-Jul-26 16:40:05.920 -04:00][ 5213: 5213][info ] DoKrispInitialize
[2025-Jul-26 16:40:06.267 -04:00][ 5213: 5213][info ] LoadDynamicKrisp
[2025-Jul-26 16:40:06.267 -04:00][ 5213: 5213][info ] Did not find KRISP_DYLIB_PATH, skipping dynamic loading
[2025-Jul-26 16:40:06.267 -04:00][ 5213: 5213][info ] Initializing Krisp SDK in PID 5213, addr 0x7f19eb78dc20
[2025-Jul-26 16:40:06.449 -04:00][ 5213: 5213][info ] Initialized Krisp SDK successfully
[2025-Jul-26 16:40:06.449 -04:00][ 5213: 5213][info ] Krisp SDK initialized
[2025-Jul-26 20:29:37.835 -04:00][ 8595: 8595][info ] Logging initialized
[2025-Jul-26 20:29:37.835 -04:00][ 8595: 8595][info ] Initializing krisp SDK...
[2025-Jul-26 20:29:37.835 -04:00][ 8595: 8595][info ] DoKrispInitialize
[2025-Jul-26 20:29:38.184 -04:00][ 8595: 8595][info ] LoadDynamicKrisp
[2025-Jul-26 20:29:38.184 -04:00][ 8595: 8595][info ] Did not find KRISP_DYLIB_PATH, skipping dynamic loading
[2025-Jul-26 20:29:38.184 -04:00][ 8595: 8595][info ] Initializing Krisp SDK in PID 8595, addr 0x7f575b18dc20
[2025-Jul-26 20:29:38.367 -04:00][ 8595: 8595][info ] Initialized Krisp SDK successfully
[2025-Jul-26 20:29:38.367 -04:00][ 8595: 8595][info ] Krisp SDK initialized
[2025-Jul-26 21:05:01.449 -04:00][13391:13391][info ] Logging initialized
[2025-Jul-26 21:05:01.449 -04:00][13391:13391][info ] Initializing krisp SDK...
[2025-Jul-26 21:05:01.449 -04:00][13391:13391][info ] DoKrispInitialize
[2025-Jul-26 21:05:01.785 -04:00][13391:13391][info ] LoadDynamicKrisp
[2025-Jul-26 21:05:01.785 -04:00][13391:13391][info ] Did not find KRISP_DYLIB_PATH, skipping dynamic loading
[2025-Jul-26 21:05:01.785 -04:00][13391:13391][info ] Initializing Krisp SDK in PID 13391, addr 0x7fe33f38dc20
[2025-Jul-26 21:05:01.963 -04:00][13391:13391][info ] Initialized Krisp SDK successfully
[2025-Jul-26 21:05:01.963 -04:00][13391:13391][info ] Krisp SDK initialized
[2025-Jul-26 23:01:17.838 -04:00][ 7077: 7077][info ] Logging initialized
[2025-Jul-26 23:01:17.838 -04:00][ 7077: 7077][info ] Initializing krisp SDK...
[2025-Jul-26 23:01:17.838 -04:00][ 7077: 7077][info ] DoKrispInitialize
[2025-Jul-26 23:01:18.187 -04:00][ 7077: 7077][info ] LoadDynamicKrisp
[2025-Jul-26 23:01:18.187 -04:00][ 7077: 7077][info ] Did not find KRISP_DYLIB_PATH, skipping dynamic loading
[2025-Jul-26 23:01:18.187 -04:00][ 7077: 7077][info ] Initializing Krisp SDK in PID 7077, addr 0x7f7b6db8dc20
[2025-Jul-26 23:01:18.364 -04:00][ 7077: 7077][info ] Initialized Krisp SDK successfully
[2025-Jul-26 23:01:18.364 -04:00][ 7077: 7077][info ] Krisp SDK initialized
[2025-Jul-26 23:01:40.834 -04:00][ 7402: 7402][info ] Logging initialized
[2025-Jul-26 23:01:40.834 -04:00][ 7402: 7402][info ] Initializing krisp SDK...
[2025-Jul-26 23:01:40.834 -04:00][ 7402: 7402][info ] DoKrispInitialize
[2025-Jul-26 23:01:41.173 -04:00][ 7402: 7402][info ] LoadDynamicKrisp
[2025-Jul-26 23:01:41.173 -04:00][ 7402: 7402][info ] Did not find KRISP_DYLIB_PATH, skipping dynamic loading
[2025-Jul-26 23:01:41.173 -04:00][ 7402: 7402][info ] Initializing Krisp SDK in PID 7402, addr 0x7ff39cd8dc20
[2025-Jul-26 23:01:41.349 -04:00][ 7402: 7402][info ] Initialized Krisp SDK successfully
[2025-Jul-26 23:01:41.349 -04:00][ 7402: 7402][info ] Krisp SDK initialized
[2025-Jul-27 08:40:21.759 -04:00][ 2014: 2014][info ] Logging initialized
[2025-Jul-27 08:40:21.759 -04:00][ 2014: 2014][info ] Initializing krisp SDK...
[2025-Jul-27 08:40:21.759 -04:00][ 2014: 2014][info ] DoKrispInitialize
[2025-Jul-27 08:40:22.105 -04:00][ 2014: 2014][info ] LoadDynamicKrisp
[2025-Jul-27 08:40:22.105 -04:00][ 2014: 2014][info ] Did not find KRISP_DYLIB_PATH, skipping dynamic loading
[2025-Jul-27 08:40:22.105 -04:00][ 2014: 2014][info ] Initializing Krisp SDK in PID 2014, addr 0x7f4041f8dc20
[2025-Jul-27 08:40:22.287 -04:00][ 2014: 2014][info ] Initialized Krisp SDK successfully
[2025-Jul-27 08:40:22.287 -04:00][ 2014: 2014][info ] Krisp SDK initialized
[2025-Jul-27 08:41:22.719 -04:00][ 2318: 2318][info ] Logging initialized
[2025-Jul-27 08:41:22.719 -04:00][ 2318: 2318][info ] Initializing krisp SDK...
[2025-Jul-27 08:41:22.719 -04:00][ 2318: 2318][info ] DoKrispInitialize
[2025-Jul-27 08:41:23.055 -04:00][ 2318: 2318][info ] LoadDynamicKrisp
[2025-Jul-27 08:41:23.055 -04:00][ 2318: 2318][info ] Did not find KRISP_DYLIB_PATH, skipping dynamic loading
[2025-Jul-27 08:41:23.055 -04:00][ 2318: 2318][info ] Initializing Krisp SDK in PID 2318, addr 0x7f81b838dc20
[2025-Jul-27 08:41:23.233 -04:00][ 2318: 2318][info ] Initialized Krisp SDK successfully
[2025-Jul-27 08:41:23.233 -04:00][ 2318: 2318][info ] Krisp SDK initialized
