[2025-07-14 00:56:16.989] [info]  (main)         AppID generated {
  id: 'c584711b-d78e-4c25-adbf-04d990b236e9',
  hash: '7a2c08528d385cc0cb17a218044b4ad8740cc220861fe9bafc839f8804d32e9d',
  distribution: 0.47723438277645996
}
[2025-07-14 00:56:16.995] [info]  (settings)     Settings not found, using default settings
[2025-07-14 00:56:17.012] [info]  (main)         App start is mac: false is windows: false islinux: true version: 1.8.0 params [ '/opt/proton-mail/Proton Mail Beta' ]
[2025-07-14 00:56:17.014] [info]  (main)         Build info: {"idaTag":"ida-332","buildTag":"ida-332","appVersion":"1.8.0"}
[2025-07-14 00:56:17.015] [info]  (main)         Desktop features: inapppayments:true, themeselection:true, earlyaccess:true, multiaccount:true, latestversioncheck:true, installsource:true, mailtotelemetry:false, mailtoupdate:true, esuserchoice:true, fulltheme:true, storeversion:true, heartbeatmetrics:true, statstelemetry:true, restrictedthemeselection:true, clearappmodal:true
[2025-07-14 00:56:17.022] [info]  (main)         Enable check default mail to app
[2025-07-14 00:56:17.023] [info]  (protocol)     Requested to check if app default mailto. Current status: true
[2025-07-14 00:56:17.025] [debug] (protocol)     Storing default protocols: {
  mailto: {
    shouldBeDefault: true,
    wasDefaultInPast: false,
    lastReport: { wasDefault: false, timestamp: 0 },
    canUpdateDefault: true
  }
}
[2025-07-14 00:56:17.111] [debug] (protocol)     Checking default mailto
[2025-07-14 00:56:17.165] [info]  (protocol)     App default mailto client status {
  isDefault: false,
  wasChecked: true,
  shouldBeDefault: true,
  wasDefaultInPast: false,
  canUpdateDefault: true,
  lastReport: { wasDefault: false, timestamp: 0 }
}
[2025-07-14 00:56:17.168] [info]  (update)       Initialization of update checks.
[2025-07-14 00:56:17.168] [info]  (update)       Checking for new valid version.
[2025-07-14 00:56:40.289] [info]  (main)         App start is mac: false is windows: false islinux: true version: 1.8.0 params [ '/opt/proton-mail/Proton Mail Beta' ]
[2025-07-14 00:56:40.295] [info]  (main)         Build info: {"idaTag":"ida-332","buildTag":"ida-332","appVersion":"1.8.0"}
[2025-07-14 00:56:40.296] [info]  (main)         Desktop features: inapppayments:true, themeselection:true, earlyaccess:true, multiaccount:true, latestversioncheck:true, installsource:true, mailtotelemetry:false, mailtoupdate:true, esuserchoice:true, fulltheme:true, storeversion:true, heartbeatmetrics:true, statstelemetry:true, restrictedthemeselection:true, clearappmodal:true
[2025-07-14 00:56:40.383] [debug] (protocol)     Checking default mailto
[2025-07-14 00:56:40.433] [info]  (protocol)     App default mailto client status {
  isDefault: false,
  wasChecked: true,
  shouldBeDefault: true,
  wasDefaultInPast: false,
  canUpdateDefault: true,
  lastReport: { wasDefault: false, timestamp: 0 }
}
[2025-07-14 00:56:40.435] [info]  (update)       Initialization of update checks.
[2025-07-14 00:56:40.436] [info]  (update)       Checking for new valid version.
